{"/home/travis/build/npmtest/node-npmtest-release-it/test.js":{"path":"/home/travis/build/npmtest/node-npmtest-release-it/test.js","s":{"1":2,"2":2,"3":2,"4":2,"5":2,"6":2,"7":2,"8":1,"9":2,"10":2,"11":1,"12":1,"13":1,"14":1,"15":2,"16":2,"17":2,"18":2,"19":1,"20":1,"21":2,"22":2,"23":2,"24":1,"25":1,"26":1,"27":1,"28":1,"29":1,"30":1,"31":1,"32":1,"33":1,"34":1,"35":1,"36":1,"37":1,"38":1,"39":2,"40":2,"41":1,"42":2,"43":2,"44":1,"45":2,"46":2,"47":1,"48":2,"49":2,"50":1,"51":1,"52":1,"53":1,"54":1},"b":{"1":[2,1,1,1],"2":[1,1,1,1],"3":[1,1],"4":[1,1],"5":[1,1],"6":[1,1],"7":[1,1],"8":[1,1],"9":[1,1],"10":[1,1,1],"11":[1,1],"12":[1,1],"13":[1,1],"14":[1,1],"15":[1,1],"16":[1,1],"17":[1,1]},"f":{"1":2,"2":2,"3":2,"4":2,"5":2,"6":1,"7":1,"8":1,"9":2,"10":2,"11":2,"12":2,"13":1},"fnMap":{"1":{"name":"(anonymous_1)","line":12,"loc":{"start":{"line":12,"column":1},"end":{"line":12,"column":13}}},"2":{"name":"(anonymous_2)","line":19,"loc":{"start":{"line":19,"column":5},"end":{"line":19,"column":17}}},"3":{"name":"(anonymous_3)","line":23,"loc":{"start":{"line":23,"column":24},"end":{"line":23,"column":36}}},"4":{"name":"(anonymous_4)","line":61,"loc":{"start":{"line":61,"column":5},"end":{"line":61,"column":17}}},"5":{"name":"(anonymous_5)","line":82,"loc":{"start":{"line":82,"column":5},"end":{"line":82,"column":17}}},"6":{"name":"(anonymous_6)","line":91,"loc":{"start":{"line":91,"column":77},"end":{"line":94,"column":10}}},"7":{"name":"(anonymous_7)","line":112,"loc":{"start":{"line":112,"column":83},"end":{"line":115,"column":10}},"skip":true},"8":{"name":"(anonymous_8)","line":123,"loc":{"start":{"line":123,"column":77},"end":{"line":126,"column":10}},"skip":true},"9":{"name":"(anonymous_9)","line":139,"loc":{"start":{"line":139,"column":12},"end":{"line":139,"column":40}},"skip":true},"10":{"name":"(anonymous_10)","line":147,"loc":{"start":{"line":147,"column":77},"end":{"line":150,"column":10}},"skip":true},"11":{"name":"(anonymous_11)","line":158,"loc":{"start":{"line":158,"column":83},"end":{"line":161,"column":10}},"skip":true},"12":{"name":"(anonymous_12)","line":169,"loc":{"start":{"line":169,"column":79},"end":{"line":172,"column":10}},"skip":true},"13":{"name":"(anonymous_13)","line":180,"loc":{"start":{"line":180,"column":75},"end":{"line":183,"column":10}},"skip":true}},"statementMap":{"1":{"start":{"line":12,"column":0},"end":{"line":195,"column":5}},"2":{"start":{"line":14,"column":4},"end":{"line":14,"column":14}},"3":{"start":{"line":19,"column":4},"end":{"line":56,"column":9}},"4":{"start":{"line":21,"column":8},"end":{"line":21,"column":19}},"5":{"start":{"line":23,"column":8},"end":{"line":35,"column":13}},"6":{"start":{"line":24,"column":12},"end":{"line":34,"column":13}},"7":{"start":{"line":25,"column":16},"end":{"line":28,"column":30}},"8":{"start":{"line":30,"column":16},"end":{"line":33,"column":27}},"9":{"start":{"line":37,"column":8},"end":{"line":39,"column":21}},"10":{"start":{"line":40,"column":8},"end":{"line":53,"column":9}},"11":{"start":{"line":43,"column":12},"end":{"line":46,"column":14}},"12":{"start":{"line":47,"column":12},"end":{"line":47,"column":18}},"13":{"start":{"line":50,"column":12},"end":{"line":51,"column":33}},"14":{"start":{"line":52,"column":12},"end":{"line":52,"column":18}},"15":{"start":{"line":55,"column":8},"end":{"line":55,"column":35}},"16":{"start":{"line":61,"column":4},"end":{"line":63,"column":9}},"17":{"start":{"line":62,"column":8},"end":{"line":62,"column":15}},"18":{"start":{"line":64,"column":4},"end":{"line":77,"column":5}},"19":{"start":{"line":70,"column":8},"end":{"line":70,"column":14}},"20":{"start":{"line":76,"column":8},"end":{"line":76,"column":14}},"21":{"start":{"line":82,"column":4},"end":{"line":84,"column":9}},"22":{"start":{"line":83,"column":8},"end":{"line":83,"column":15}},"23":{"start":{"line":85,"column":4},"end":{"line":194,"column":5}},"24":{"start":{"line":91,"column":8},"end":{"line":99,"column":10}},"25":{"start":{"line":98,"column":12},"end":{"line":98,"column":35}},"26":{"start":{"line":102,"column":8},"end":{"line":104,"column":63}},"27":{"start":{"line":105,"column":8},"end":{"line":105,"column":14}},"28":{"start":{"line":112,"column":8},"end":{"line":121,"column":10},"skip":true},"29":{"start":{"line":119,"column":12},"end":{"line":119,"column":55},"skip":true},"30":{"start":{"line":120,"column":12},"end":{"line":120,"column":48},"skip":true},"31":{"start":{"line":123,"column":8},"end":{"line":136,"column":10},"skip":true},"32":{"start":{"line":130,"column":12},"end":{"line":130,"column":76},"skip":true},"33":{"start":{"line":131,"column":12},"end":{"line":131,"column":73},"skip":true},"34":{"start":{"line":132,"column":12},"end":{"line":132,"column":74},"skip":true},"35":{"start":{"line":133,"column":12},"end":{"line":133,"column":79},"skip":true},"36":{"start":{"line":134,"column":12},"end":{"line":134,"column":25},"skip":true},"37":{"start":{"line":135,"column":12},"end":{"line":135,"column":45},"skip":true},"38":{"start":{"line":138,"column":8},"end":{"line":145,"column":14},"skip":true},"39":{"start":{"line":143,"column":16},"end":{"line":143,"column":29},"skip":true},"40":{"start":{"line":144,"column":16},"end":{"line":144,"column":55},"skip":true},"41":{"start":{"line":147,"column":8},"end":{"line":156,"column":10},"skip":true},"42":{"start":{"line":154,"column":12},"end":{"line":154,"column":25},"skip":true},"43":{"start":{"line":155,"column":12},"end":{"line":155,"column":45},"skip":true},"44":{"start":{"line":158,"column":8},"end":{"line":167,"column":10},"skip":true},"45":{"start":{"line":165,"column":12},"end":{"line":165,"column":25},"skip":true},"46":{"start":{"line":166,"column":12},"end":{"line":166,"column":48},"skip":true},"47":{"start":{"line":169,"column":8},"end":{"line":178,"column":10},"skip":true},"48":{"start":{"line":176,"column":12},"end":{"line":176,"column":25},"skip":true},"49":{"start":{"line":177,"column":12},"end":{"line":177,"column":46},"skip":true},"50":{"start":{"line":180,"column":8},"end":{"line":189,"column":10},"skip":true},"51":{"start":{"line":187,"column":12},"end":{"line":187,"column":94},"skip":true},"52":{"start":{"line":188,"column":12},"end":{"line":188,"column":48},"skip":true},"53":{"start":{"line":192,"column":8},"end":{"line":192,"column":35},"skip":true},"54":{"start":{"line":193,"column":8},"end":{"line":193,"column":14},"skip":true}},"branchMap":{"1":{"line":25,"type":"binary-expr","locations":[{"start":{"line":25,"column":23},"end":{"line":25,"column":62}},{"start":{"line":26,"column":20},"end":{"line":26,"column":70}},{"start":{"line":27,"column":20},"end":{"line":27,"column":71}},{"start":{"line":28,"column":20},"end":{"line":28,"column":29}}]},"2":{"line":30,"type":"binary-expr","locations":[{"start":{"line":30,"column":23},"end":{"line":30,"column":37}},{"start":{"line":31,"column":20},"end":{"line":31,"column":61}},{"start":{"line":32,"column":20},"end":{"line":32,"column":70}},{"start":{"line":33,"column":20},"end":{"line":33,"column":26}}]},"3":{"line":37,"type":"cond-expr","locations":[{"start":{"line":38,"column":14},"end":{"line":38,"column":20}},{"start":{"line":39,"column":14},"end":{"line":39,"column":20}}]},"4":{"line":40,"type":"switch","locations":[{"start":{"line":42,"column":8},"end":{"line":47,"column":18}},{"start":{"line":49,"column":8},"end":{"line":52,"column":18}}]},"5":{"line":44,"type":"binary-expr","locations":[{"start":{"line":44,"column":16},"end":{"line":44,"column":44}},{"start":{"line":44,"column":48},"end":{"line":44,"column":66}}]},"6":{"line":50,"type":"binary-expr","locations":[{"start":{"line":50,"column":21},"end":{"line":50,"column":49}},{"start":{"line":50,"column":53},"end":{"line":50,"column":72}}]},"7":{"line":64,"type":"switch","locations":[{"start":{"line":69,"column":4},"end":{"line":70,"column":14}},{"start":{"line":75,"column":4},"end":{"line":76,"column":14}}]},"8":{"line":85,"type":"switch","locations":[{"start":{"line":90,"column":4},"end":{"line":105,"column":14}},{"start":{"line":111,"column":4},"end":{"line":193,"column":14},"skip":true}]},"9":{"line":91,"type":"binary-expr","locations":[{"start":{"line":91,"column":42},"end":{"line":91,"column":73}},{"start":{"line":91,"column":77},"end":{"line":99,"column":9}}]},"10":{"line":102,"type":"binary-expr","locations":[{"start":{"line":102,"column":18},"end":{"line":102,"column":32}},{"start":{"line":103,"column":12},"end":{"line":103,"column":53}},{"start":{"line":104,"column":12},"end":{"line":104,"column":61}}]},"11":{"line":112,"type":"binary-expr","locations":[{"start":{"line":112,"column":45},"end":{"line":112,"column":79},"skip":true},{"start":{"line":112,"column":83},"end":{"line":121,"column":9},"skip":true}]},"12":{"line":123,"type":"binary-expr","locations":[{"start":{"line":123,"column":42},"end":{"line":123,"column":73},"skip":true},{"start":{"line":123,"column":77},"end":{"line":136,"column":9},"skip":true}]},"13":{"line":138,"type":"binary-expr","locations":[{"start":{"line":138,"column":48},"end":{"line":138,"column":85},"skip":true},{"start":{"line":139,"column":12},"end":{"line":145,"column":13},"skip":true}]},"14":{"line":147,"type":"binary-expr","locations":[{"start":{"line":147,"column":42},"end":{"line":147,"column":73},"skip":true},{"start":{"line":147,"column":77},"end":{"line":156,"column":9},"skip":true}]},"15":{"line":158,"type":"binary-expr","locations":[{"start":{"line":158,"column":45},"end":{"line":158,"column":79},"skip":true},{"start":{"line":158,"column":83},"end":{"line":167,"column":9},"skip":true}]},"16":{"line":169,"type":"binary-expr","locations":[{"start":{"line":169,"column":43},"end":{"line":169,"column":75},"skip":true},{"start":{"line":169,"column":79},"end":{"line":178,"column":9},"skip":true}]},"17":{"line":180,"type":"binary-expr","locations":[{"start":{"line":180,"column":41},"end":{"line":180,"column":71},"skip":true},{"start":{"line":180,"column":75},"end":{"line":189,"column":9},"skip":true}]}},"code":["/* istanbul instrument in package npmtest_release_it */","/*jslint","    bitwise: true,","    browser: true,","    maxerr: 8,","    maxlen: 96,","    node: true,","    nomen: true,","    regexp: true,","    stupid: true","*/","(function () {","    'use strict';","    var local;","","","","    // run shared js-env code - init-before","    (function () {","        // init local","        local = {};","        // init modeJs","        local.modeJs = (function () {","            try {","                return typeof navigator.userAgent === 'string' &&","                    typeof document.querySelector('body') === 'object' &&","                    typeof XMLHttpRequest.prototype.open === 'function' &&","                    'browser';","            } catch (errorCaughtBrowser) {","                return module.exports &&","                    typeof process.versions.node === 'string' &&","                    typeof require('http').createServer === 'function' &&","                    'node';","            }","        }());","        // init global","        local.global = local.modeJs === 'browser'","            ? window","            : global;","        switch (local.modeJs) {","        // re-init local from window.local","        case 'browser':","            local = local.global.utility2.objectSetDefault(","                local.global.utility2_rollup || local.global.local,","                local.global.utility2","            );","            break;","        // re-init local from example.js","        case 'node':","            local = (local.global.utility2_rollup || require('utility2'))","                .requireReadme();","            break;","        }","        // export local","        local.global.local = local;","    }());","","","","    // run shared js-env code - function","    (function () {","        return;","    }());","    switch (local.modeJs) {","","","","    // run browser js-env code - function","    case 'browser':","        break;","","","","    // run node js-env code - function","    case 'node':","        break;","    }","","","","    // run shared js-env code - init-after","    (function () {","        return;","    }());","    switch (local.modeJs) {","","","","    // run browser js-env code - init-after","    case 'browser':","        local.testCase_browser_nullCase = local.testCase_browser_nullCase || function (","            options,","            onError","        ) {","        /*","         * this function will test browsers's null-case handling-behavior-behavior","         */","            onError(null, options);","        };","","        // run tests","        local.nop(local.modeTest &&","            document.querySelector('#testRunButton1') &&","            document.querySelector('#testRunButton1').click());","        break;","","","","    // run node js-env code - init-after","    /* istanbul ignore next */","    case 'node':","        local.testCase_buildApidoc_default = local.testCase_buildApidoc_default || function (","            options,","            onError","        ) {","        /*","         * this function will test buildApidoc's default handling-behavior-behavior","         */","            options = { modulePathList: module.paths };","            local.buildApidoc(options, onError);","        };","","        local.testCase_buildApp_default = local.testCase_buildApp_default || function (","            options,","            onError","        ) {","        /*","         * this function will test buildApp's default handling-behavior-behavior","         */","            local.testCase_buildReadme_default(options, local.onErrorThrow);","            local.testCase_buildLib_default(options, local.onErrorThrow);","            local.testCase_buildTest_default(options, local.onErrorThrow);","            local.testCase_buildCustomOrg_default(options, local.onErrorThrow);","            options = [];","            local.buildApp(options, onError);","        };","","        local.testCase_buildCustomOrg_default = local.testCase_buildCustomOrg_default ||","            function (options, onError) {","            /*","             * this function will test buildCustomOrg's default handling-behavior","             */","                options = {};","                local.buildCustomOrg(options, onError);","            };","","        local.testCase_buildLib_default = local.testCase_buildLib_default || function (","            options,","            onError","        ) {","        /*","         * this function will test buildLib's default handling-behavior","         */","            options = {};","            local.buildLib(options, onError);","        };","","        local.testCase_buildReadme_default = local.testCase_buildReadme_default || function (","            options,","            onError","        ) {","        /*","         * this function will test buildReadme's default handling-behavior-behavior","         */","            options = {};","            local.buildReadme(options, onError);","        };","","        local.testCase_buildTest_default = local.testCase_buildTest_default || function (","            options,","            onError","        ) {","        /*","         * this function will test buildTest's default handling-behavior","         */","            options = {};","            local.buildTest(options, onError);","        };","","        local.testCase_webpage_default = local.testCase_webpage_default || function (","            options,","            onError","        ) {","        /*","         * this function will test webpage's default handling-behavior","         */","            options = { modeCoverageMerge: true, url: local.serverLocalHost + '?modeTest=1' };","            local.browserTest(options, onError);","        };","","        // run test-server","        local.testRunServer(local);","        break;","    }","}());",""],"l":{"12":2,"14":2,"19":2,"21":2,"23":2,"24":2,"25":2,"30":1,"37":2,"40":2,"43":1,"47":1,"50":1,"52":1,"55":2,"61":2,"62":2,"64":2,"70":1,"76":1,"82":2,"83":2,"85":2,"91":1,"98":1,"102":1,"105":1,"112":1,"119":1,"120":1,"123":1,"130":1,"131":1,"132":1,"133":1,"134":1,"135":1,"138":1,"143":2,"144":2,"147":1,"154":2,"155":2,"158":1,"165":2,"166":2,"169":1,"176":2,"177":2,"180":1,"187":1,"188":1,"192":1,"193":1}},"/home/travis/build/npmtest/node-npmtest-release-it/lib.npmtest_release_it.js":{"path":"/home/travis/build/npmtest/node-npmtest-release-it/lib.npmtest_release_it.js","s":{"1":2,"2":2,"3":2,"4":2,"5":2,"6":2,"7":2,"8":1,"9":2,"10":2,"11":2,"12":2,"13":1,"14":1,"15":1,"16":1},"b":{"1":[2,1,1,1],"2":[1,1,1,1],"3":[1,1],"4":[2,2],"5":[1,1]},"f":{"1":2,"2":2,"3":2},"fnMap":{"1":{"name":"(anonymous_1)","line":12,"loc":{"start":{"line":12,"column":1},"end":{"line":12,"column":13}}},"2":{"name":"(anonymous_2)","line":19,"loc":{"start":{"line":19,"column":5},"end":{"line":19,"column":17}}},"3":{"name":"(anonymous_3)","line":23,"loc":{"start":{"line":23,"column":24},"end":{"line":23,"column":36}}}},"statementMap":{"1":{"start":{"line":12,"column":0},"end":{"line":53,"column":5}},"2":{"start":{"line":14,"column":4},"end":{"line":14,"column":14}},"3":{"start":{"line":19,"column":4},"end":{"line":52,"column":9}},"4":{"start":{"line":21,"column":8},"end":{"line":21,"column":19}},"5":{"start":{"line":23,"column":8},"end":{"line":35,"column":13}},"6":{"start":{"line":24,"column":12},"end":{"line":34,"column":13}},"7":{"start":{"line":25,"column":16},"end":{"line":28,"column":30}},"8":{"start":{"line":30,"column":16},"end":{"line":33,"column":27}},"9":{"start":{"line":37,"column":8},"end":{"line":39,"column":21}},"10":{"start":{"line":41,"column":8},"end":{"line":41,"column":54}},"11":{"start":{"line":43,"column":8},"end":{"line":43,"column":55}},"12":{"start":{"line":45,"column":8},"end":{"line":51,"column":9}},"13":{"start":{"line":46,"column":12},"end":{"line":46,"column":61}},"14":{"start":{"line":48,"column":12},"end":{"line":48,"column":35}},"15":{"start":{"line":49,"column":12},"end":{"line":49,"column":49}},"16":{"start":{"line":50,"column":12},"end":{"line":50,"column":43}}},"branchMap":{"1":{"line":25,"type":"binary-expr","locations":[{"start":{"line":25,"column":23},"end":{"line":25,"column":62}},{"start":{"line":26,"column":20},"end":{"line":26,"column":70}},{"start":{"line":27,"column":20},"end":{"line":27,"column":71}},{"start":{"line":28,"column":20},"end":{"line":28,"column":29}}]},"2":{"line":30,"type":"binary-expr","locations":[{"start":{"line":30,"column":23},"end":{"line":30,"column":37}},{"start":{"line":31,"column":20},"end":{"line":31,"column":61}},{"start":{"line":32,"column":20},"end":{"line":32,"column":70}},{"start":{"line":33,"column":20},"end":{"line":33,"column":26}}]},"3":{"line":37,"type":"cond-expr","locations":[{"start":{"line":38,"column":14},"end":{"line":38,"column":20}},{"start":{"line":39,"column":14},"end":{"line":39,"column":20}}]},"4":{"line":41,"type":"binary-expr","locations":[{"start":{"line":41,"column":16},"end":{"line":41,"column":44}},{"start":{"line":41,"column":48},"end":{"line":41,"column":53}}]},"5":{"line":45,"type":"if","locations":[{"start":{"line":45,"column":8},"end":{"line":45,"column":8}},{"start":{"line":45,"column":8},"end":{"line":45,"column":8}}]}},"code":["/* istanbul instrument in package npmtest_release_it */","/*jslint","    bitwise: true,","    browser: true,","    maxerr: 8,","    maxlen: 96,","    node: true,","    nomen: true,","    regexp: true,","    stupid: true","*/","(function () {","    'use strict';","    var local;","","","","    // run shared js-env code - init-before","    (function () {","        // init local","        local = {};","        // init modeJs","        local.modeJs = (function () {","            try {","                return typeof navigator.userAgent === 'string' &&","                    typeof document.querySelector('body') === 'object' &&","                    typeof XMLHttpRequest.prototype.open === 'function' &&","                    'browser';","            } catch (errorCaughtBrowser) {","                return module.exports &&","                    typeof process.versions.node === 'string' &&","                    typeof require('http').createServer === 'function' &&","                    'node';","            }","        }());","        // init global","        local.global = local.modeJs === 'browser'","            ? window","            : global;","        // init utility2_rollup","        local = local.global.utility2_rollup || local;","        // init lib","        local.local = local.npmtest_release_it = local;","        // init exports","        if (local.modeJs === 'browser') {","            local.global.utility2_npmtest_release_it = local;","        } else {","            module.exports = local;","            module.exports.__dirname = __dirname;","            module.exports.module = module;","        }","    }());","}());",""],"l":{"12":2,"14":2,"19":2,"21":2,"23":2,"24":2,"25":2,"30":1,"37":2,"41":2,"43":2,"45":2,"46":1,"48":1,"49":1,"50":1}},"/home/travis/build/npmtest/node-npmtest-release-it/example.js":{"path":"/home/travis/build/npmtest/node-npmtest-release-it/example.js","s":{"1":2,"2":2,"3":2,"4":2,"5":2,"6":2,"7":2,"8":1,"9":2,"10":2,"11":2,"12":2,"13":1,"14":2,"15":2,"16":2,"17":2,"18":2,"19":0,"20":2,"21":1,"22":1,"23":1,"24":1,"25":1,"26":0,"27":0,"28":1,"29":1,"30":2,"31":0,"32":0,"33":0,"34":1,"35":2,"36":2,"37":3,"38":3,"39":3,"40":3,"41":0,"42":3,"43":3,"44":3,"45":1,"46":3,"47":1,"48":1,"49":1,"50":1,"51":1,"52":1,"53":1,"54":1,"55":1,"56":1,"57":0,"58":1,"59":6,"60":6,"61":1,"62":2,"63":0,"64":2,"65":1,"66":1,"67":0,"68":0,"69":0,"70":0,"71":0,"72":0,"73":0,"74":0,"75":0,"76":0,"77":0,"78":0,"79":0,"80":0,"81":0,"82":0,"83":0},"b":{"1":[2,1,1,1],"2":[1,1,1,1],"3":[1,1],"4":[2,2],"5":[1,1],"6":[1,1],"7":[2,0],"8":[2,1,1,1,1,1],"9":[0,2,0],"10":[1,1],"11":[2,1,1],"12":[1,0],"13":[0,2],"14":[2,0,0,0,0,0,0],"15":[0,3],"16":[3,0],"17":[1,1],"18":[0,1],"19":[1,2,0,2],"20":[1,0],"21":[1,1],"22":[0,0],"23":[0,0],"24":[0,0],"25":[0,0],"26":[0,0],"27":[0,0],"28":[0,0]},"f":{"1":2,"2":2,"3":2,"4":2,"5":2,"6":2,"7":3,"8":3,"9":3,"10":1,"11":6,"12":0},"fnMap":{"1":{"name":"(anonymous_1)","line":26,"loc":{"start":{"line":26,"column":1},"end":{"line":26,"column":13}}},"2":{"name":"(anonymous_2)","line":33,"loc":{"start":{"line":33,"column":5},"end":{"line":33,"column":17}}},"3":{"name":"(anonymous_3)","line":37,"loc":{"start":{"line":37,"column":24},"end":{"line":37,"column":36}}},"4":{"name":"(anonymous_4)","line":69,"loc":{"start":{"line":69,"column":31},"end":{"line":69,"column":48}},"skip":true},"5":{"name":"(anonymous_5)","line":78,"loc":{"start":{"line":78,"column":26},"end":{"line":78,"column":45}},"skip":true},"6":{"name":"(anonymous_6)","line":123,"loc":{"start":{"line":123,"column":33},"end":{"line":123,"column":48}},"skip":true},"7":{"name":"(anonymous_7)","line":125,"loc":{"start":{"line":125,"column":27},"end":{"line":125,"column":39}},"skip":true},"8":{"name":"(anonymous_8)","line":133,"loc":{"start":{"line":133,"column":59},"end":{"line":133,"column":74}},"skip":true},"9":{"name":"(anonymous_9)","line":143,"loc":{"start":{"line":143,"column":45},"end":{"line":143,"column":62}},"skip":true},"10":{"name":"(anonymous_10)","line":144,"loc":{"start":{"line":144,"column":73},"end":{"line":144,"column":92}},"skip":true},"11":{"name":"(anonymous_11)","line":272,"loc":{"start":{"line":272,"column":51},"end":{"line":272,"column":77}},"skip":true},"12":{"name":"(anonymous_12)","line":315,"loc":{"start":{"line":315,"column":32},"end":{"line":315,"column":61}},"skip":true}},"statementMap":{"1":{"start":{"line":26,"column":0},"end":{"line":326,"column":5}},"2":{"start":{"line":28,"column":4},"end":{"line":28,"column":14}},"3":{"start":{"line":33,"column":4},"end":{"line":60,"column":9}},"4":{"start":{"line":35,"column":8},"end":{"line":35,"column":19}},"5":{"start":{"line":37,"column":8},"end":{"line":49,"column":13}},"6":{"start":{"line":38,"column":12},"end":{"line":48,"column":13}},"7":{"start":{"line":39,"column":16},"end":{"line":42,"column":30}},"8":{"start":{"line":44,"column":16},"end":{"line":47,"column":27}},"9":{"start":{"line":51,"column":8},"end":{"line":53,"column":21}},"10":{"start":{"line":55,"column":8},"end":{"line":57,"column":45}},"11":{"start":{"line":59,"column":8},"end":{"line":59,"column":35}},"12":{"start":{"line":61,"column":4},"end":{"line":325,"column":5}},"13":{"start":{"line":69,"column":8},"end":{"line":121,"column":10},"skip":true},"14":{"start":{"line":70,"column":12},"end":{"line":88,"column":13},"skip":true},"15":{"start":{"line":76,"column":16},"end":{"line":87,"column":19},"skip":true},"16":{"start":{"line":79,"column":20},"end":{"line":86,"column":21},"skip":true},"17":{"start":{"line":82,"column":24},"end":{"line":82,"column":43},"skip":true},"18":{"start":{"line":83,"column":24},"end":{"line":83,"column":30},"skip":true},"19":{"start":{"line":85,"column":24},"end":{"line":85,"column":49},"skip":true},"20":{"start":{"line":89,"column":12},"end":{"line":107,"column":13},"skip":true},"21":{"start":{"line":92,"column":16},"end":{"line":102,"column":17},"skip":true},"22":{"start":{"line":93,"column":20},"end":{"line":93,"column":86},"skip":true},"23":{"start":{"line":94,"column":20},"end":{"line":95,"column":45},"skip":true},"24":{"start":{"line":96,"column":20},"end":{"line":96,"column":42},"skip":true},"25":{"start":{"line":97,"column":20},"end":{"line":97,"column":48},"skip":true},"26":{"start":{"line":100,"column":20},"end":{"line":100,"column":85},"skip":true},"27":{"start":{"line":101,"column":20},"end":{"line":101,"column":96},"skip":true},"28":{"start":{"line":103,"column":16},"end":{"line":103,"column":22},"skip":true},"29":{"start":{"line":106,"column":16},"end":{"line":106,"column":22},"skip":true},"30":{"start":{"line":108,"column":12},"end":{"line":120,"column":13},"skip":true},"31":{"start":{"line":114,"column":16},"end":{"line":119,"column":17},"skip":true},"32":{"start":{"line":116,"column":20},"end":{"line":116,"column":78},"skip":true},"33":{"start":{"line":118,"column":20},"end":{"line":118,"column":47},"skip":true},"34":{"start":{"line":123,"column":8},"end":{"line":141,"column":11},"skip":true},"35":{"start":{"line":124,"column":12},"end":{"line":124,"column":54},"skip":true},"36":{"start":{"line":125,"column":12},"end":{"line":140,"column":14},"skip":true},"37":{"start":{"line":126,"column":16},"end":{"line":126,"column":28},"skip":true},"38":{"start":{"line":127,"column":16},"end":{"line":127,"column":69},"skip":true},"39":{"start":{"line":128,"column":16},"end":{"line":128,"column":75},"skip":true},"40":{"start":{"line":129,"column":16},"end":{"line":131,"column":17},"skip":true},"41":{"start":{"line":130,"column":20},"end":{"line":130,"column":27},"skip":true},"42":{"start":{"line":133,"column":16},"end":{"line":137,"column":36},"skip":true},"43":{"start":{"line":134,"column":20},"end":{"line":136,"column":55},"skip":true},"44":{"start":{"line":139,"column":16},"end":{"line":139,"column":57},"skip":true},"45":{"start":{"line":143,"column":8},"end":{"line":147,"column":11},"skip":true},"46":{"start":{"line":144,"column":12},"end":{"line":146,"column":15},"skip":true},"47":{"start":{"line":145,"column":16},"end":{"line":145,"column":70},"skip":true},"48":{"start":{"line":149,"column":8},"end":{"line":149,"column":31},"skip":true},"49":{"start":{"line":150,"column":8},"end":{"line":150,"column":14},"skip":true},"50":{"start":{"line":158,"column":8},"end":{"line":158,"column":31},"skip":true},"51":{"start":{"line":160,"column":8},"end":{"line":160,"column":33},"skip":true},"52":{"start":{"line":161,"column":8},"end":{"line":161,"column":37},"skip":true},"53":{"start":{"line":162,"column":8},"end":{"line":162,"column":35},"skip":true},"54":{"start":{"line":164,"column":8},"end":{"line":164,"column":50},"skip":true},"55":{"start":{"line":166,"column":8},"end":{"line":256,"column":2},"skip":true},"56":{"start":{"line":258,"column":8},"end":{"line":286,"column":9},"skip":true},"57":{"start":{"line":259,"column":12},"end":{"line":269,"column":14},"skip":true},"58":{"start":{"line":271,"column":12},"end":{"line":285,"column":19},"skip":true},"59":{"start":{"line":274,"column":20},"end":{"line":274,"column":35},"skip":true},"60":{"start":{"line":275,"column":20},"end":{"line":284,"column":21},"skip":true},"61":{"start":{"line":277,"column":24},"end":{"line":277,"column":64},"skip":true},"62":{"start":{"line":279,"column":24},"end":{"line":279,"column":40},"skip":true},"63":{"start":{"line":281,"column":24},"end":{"line":281,"column":40},"skip":true},"64":{"start":{"line":283,"column":24},"end":{"line":283,"column":39},"skip":true},"65":{"start":{"line":288,"column":8},"end":{"line":290,"column":9},"skip":true},"66":{"start":{"line":289,"column":12},"end":{"line":289,"column":18},"skip":true},"67":{"start":{"line":291,"column":8},"end":{"line":293,"column":54},"skip":true},"68":{"start":{"line":296,"column":8},"end":{"line":301,"column":37},"skip":true},"69":{"start":{"line":303,"column":8},"end":{"line":303,"column":82},"skip":true},"70":{"start":{"line":306,"column":8},"end":{"line":308,"column":9},"skip":true},"71":{"start":{"line":307,"column":12},"end":{"line":307,"column":82},"skip":true},"72":{"start":{"line":310,"column":8},"end":{"line":312,"column":9},"skip":true},"73":{"start":{"line":311,"column":12},"end":{"line":311,"column":18},"skip":true},"74":{"start":{"line":313,"column":8},"end":{"line":313,"column":54},"skip":true},"75":{"start":{"line":314,"column":8},"end":{"line":314,"column":69},"skip":true},"76":{"start":{"line":315,"column":8},"end":{"line":323,"column":36},"skip":true},"77":{"start":{"line":316,"column":12},"end":{"line":316,"column":61},"skip":true},"78":{"start":{"line":317,"column":12},"end":{"line":320,"column":13},"skip":true},"79":{"start":{"line":318,"column":16},"end":{"line":318,"column":75},"skip":true},"80":{"start":{"line":319,"column":16},"end":{"line":319,"column":23},"skip":true},"81":{"start":{"line":321,"column":12},"end":{"line":321,"column":38},"skip":true},"82":{"start":{"line":322,"column":12},"end":{"line":322,"column":27},"skip":true},"83":{"start":{"line":324,"column":8},"end":{"line":324,"column":14},"skip":true}},"branchMap":{"1":{"line":39,"type":"binary-expr","locations":[{"start":{"line":39,"column":23},"end":{"line":39,"column":62}},{"start":{"line":40,"column":20},"end":{"line":40,"column":70}},{"start":{"line":41,"column":20},"end":{"line":41,"column":71}},{"start":{"line":42,"column":20},"end":{"line":42,"column":29}}]},"2":{"line":44,"type":"binary-expr","locations":[{"start":{"line":44,"column":23},"end":{"line":44,"column":37}},{"start":{"line":45,"column":20},"end":{"line":45,"column":61}},{"start":{"line":46,"column":20},"end":{"line":46,"column":70}},{"start":{"line":47,"column":20},"end":{"line":47,"column":26}}]},"3":{"line":51,"type":"cond-expr","locations":[{"start":{"line":52,"column":14},"end":{"line":52,"column":20}},{"start":{"line":53,"column":14},"end":{"line":53,"column":20}}]},"4":{"line":55,"type":"binary-expr","locations":[{"start":{"line":55,"column":16},"end":{"line":55,"column":44}},{"start":{"line":55,"column":49},"end":{"line":57,"column":43}}]},"5":{"line":55,"type":"cond-expr","locations":[{"start":{"line":56,"column":14},"end":{"line":56,"column":54}},{"start":{"line":57,"column":14},"end":{"line":57,"column":43}}]},"6":{"line":61,"type":"switch","locations":[{"start":{"line":68,"column":4},"end":{"line":150,"column":14},"skip":true},{"start":{"line":156,"column":4},"end":{"line":324,"column":14},"skip":true}]},"7":{"line":70,"type":"if","locations":[{"start":{"line":70,"column":12},"end":{"line":70,"column":12},"skip":true},{"start":{"line":70,"column":12},"end":{"line":70,"column":12},"skip":true}]},"8":{"line":70,"type":"binary-expr","locations":[{"start":{"line":70,"column":16},"end":{"line":70,"column":22},"skip":true},{"start":{"line":70,"column":27},"end":{"line":70,"column":32},"skip":true},{"start":{"line":71,"column":20},"end":{"line":71,"column":39},"skip":true},{"start":{"line":72,"column":20},"end":{"line":72,"column":49},"skip":true},{"start":{"line":73,"column":20},"end":{"line":73,"column":58},"skip":true},{"start":{"line":74,"column":20},"end":{"line":74,"column":69},"skip":true}]},"9":{"line":79,"type":"switch","locations":[{"start":{"line":80,"column":20},"end":{"line":80,"column":33},"skip":true},{"start":{"line":81,"column":20},"end":{"line":83,"column":30},"skip":true},{"start":{"line":84,"column":20},"end":{"line":85,"column":49},"skip":true}]},"10":{"line":89,"type":"switch","locations":[{"start":{"line":90,"column":12},"end":{"line":103,"column":22},"skip":true},{"start":{"line":105,"column":12},"end":{"line":106,"column":22},"skip":true}]},"11":{"line":89,"type":"binary-expr","locations":[{"start":{"line":89,"column":20},"end":{"line":89,"column":25},"skip":true},{"start":{"line":89,"column":29},"end":{"line":89,"column":48},"skip":true},{"start":{"line":89,"column":52},"end":{"line":89,"column":74},"skip":true}]},"12":{"line":92,"type":"if","locations":[{"start":{"line":92,"column":16},"end":{"line":92,"column":16},"skip":true},{"start":{"line":92,"column":16},"end":{"line":92,"column":16},"skip":true}]},"13":{"line":108,"type":"if","locations":[{"start":{"line":108,"column":12},"end":{"line":108,"column":12},"skip":true},{"start":{"line":108,"column":12},"end":{"line":108,"column":12},"skip":true}]},"14":{"line":108,"type":"binary-expr","locations":[{"start":{"line":108,"column":16},"end":{"line":108,"column":61},"skip":true},{"start":{"line":108,"column":66},"end":{"line":108,"column":72},"skip":true},{"start":{"line":108,"column":77},"end":{"line":108,"column":82},"skip":true},{"start":{"line":109,"column":20},"end":{"line":109,"column":39},"skip":true},{"start":{"line":110,"column":20},"end":{"line":110,"column":49},"skip":true},{"start":{"line":111,"column":20},"end":{"line":111,"column":58},"skip":true},{"start":{"line":112,"column":20},"end":{"line":112,"column":68},"skip":true}]},"15":{"line":129,"type":"if","locations":[{"start":{"line":129,"column":16},"end":{"line":129,"column":16},"skip":true},{"start":{"line":129,"column":16},"end":{"line":129,"column":16},"skip":true}]},"16":{"line":134,"type":"cond-expr","locations":[{"start":{"line":135,"column":26},"end":{"line":135,"column":29},"skip":true},{"start":{"line":136,"column":26},"end":{"line":136,"column":54},"skip":true}]},"17":{"line":164,"type":"binary-expr","locations":[{"start":{"line":164,"column":27},"end":{"line":164,"column":43},"skip":true},{"start":{"line":164,"column":47},"end":{"line":164,"column":49},"skip":true}]},"18":{"line":258,"type":"if","locations":[{"start":{"line":258,"column":8},"end":{"line":258,"column":8},"skip":true},{"start":{"line":258,"column":8},"end":{"line":258,"column":8},"skip":true}]},"19":{"line":275,"type":"switch","locations":[{"start":{"line":276,"column":20},"end":{"line":277,"column":64},"skip":true},{"start":{"line":278,"column":20},"end":{"line":279,"column":40},"skip":true},{"start":{"line":280,"column":20},"end":{"line":281,"column":40},"skip":true},{"start":{"line":282,"column":20},"end":{"line":283,"column":39},"skip":true}]},"20":{"line":288,"type":"if","locations":[{"start":{"line":288,"column":8},"end":{"line":288,"column":8},"skip":true},{"start":{"line":288,"column":8},"end":{"line":288,"column":8},"skip":true}]},"21":{"line":288,"type":"binary-expr","locations":[{"start":{"line":288,"column":12},"end":{"line":288,"column":40},"skip":true},{"start":{"line":288,"column":44},"end":{"line":288,"column":67},"skip":true}]},"22":{"line":292,"type":"binary-expr","locations":[{"start":{"line":292,"column":12},"end":{"line":292,"column":50},"skip":true},{"start":{"line":293,"column":12},"end":{"line":293,"column":53},"skip":true}]},"23":{"line":297,"type":"binary-expr","locations":[{"start":{"line":297,"column":12},"end":{"line":297,"column":68},"skip":true},{"start":{"line":298,"column":12},"end":{"line":301,"column":36},"skip":true}]},"24":{"line":303,"type":"binary-expr","locations":[{"start":{"line":303,"column":43},"end":{"line":303,"column":75},"skip":true},{"start":{"line":303,"column":79},"end":{"line":303,"column":81},"skip":true}]},"25":{"line":306,"type":"if","locations":[{"start":{"line":306,"column":8},"end":{"line":306,"column":8},"skip":true},{"start":{"line":306,"column":8},"end":{"line":306,"column":8},"skip":true}]},"26":{"line":310,"type":"if","locations":[{"start":{"line":310,"column":8},"end":{"line":310,"column":8},"skip":true},{"start":{"line":310,"column":8},"end":{"line":310,"column":8},"skip":true}]},"27":{"line":313,"type":"binary-expr","locations":[{"start":{"line":313,"column":27},"end":{"line":313,"column":43},"skip":true},{"start":{"line":313,"column":47},"end":{"line":313,"column":53},"skip":true}]},"28":{"line":317,"type":"if","locations":[{"start":{"line":317,"column":12},"end":{"line":317,"column":12},"skip":true},{"start":{"line":317,"column":12},"end":{"line":317,"column":12},"skip":true}]}},"code":["/*","example.js","","quickstart example","","instruction","    1. save this script as example.js","    2. run the shell command:","        $ npm install npmtest-release-it && PORT=8081 node example.js","    3. play with the browser-demo on http://127.0.0.1:8081","*/","","","","/* istanbul instrument in package npmtest_release_it */","/*jslint","    bitwise: true,","    browser: true,","    maxerr: 8,","    maxlen: 96,","    node: true,","    nomen: true,","    regexp: true,","    stupid: true","*/","(function () {","    'use strict';","    var local;","","","","    // run shared js-env code - init-before","    (function () {","        // init local","        local = {};","        // init modeJs","        local.modeJs = (function () {","            try {","                return typeof navigator.userAgent === 'string' &&","                    typeof document.querySelector('body') === 'object' &&","                    typeof XMLHttpRequest.prototype.open === 'function' &&","                    'browser';","            } catch (errorCaughtBrowser) {","                return module.exports &&","                    typeof process.versions.node === 'string' &&","                    typeof require('http').createServer === 'function' &&","                    'node';","            }","        }());","        // init global","        local.global = local.modeJs === 'browser'","            ? window","            : global;","        // init utility2_rollup","        local = local.global.utility2_rollup || (local.modeJs === 'browser'","            ? local.global.utility2_npmtest_release_it","            : global.utility2_moduleExports);","        // export local","        local.global.local = local;","    }());","    switch (local.modeJs) {","","","","    // init-after","    // run browser js-env code - init-after","    /* istanbul ignore next */","    case 'browser':","        local.testRunBrowser = function (event) {","            if (!event || (event &&","                    event.currentTarget &&","                    event.currentTarget.className &&","                    event.currentTarget.className.includes &&","                    event.currentTarget.className.includes('onreset'))) {","                // reset output","                Array.from(","                    document.querySelectorAll('body > .resettable')","                ).forEach(function (element) {","                    switch (element.tagName) {","                    case 'INPUT':","                    case 'TEXTAREA':","                        element.value = '';","                        break;","                    default:","                        element.textContent = '';","                    }","                });","            }","            switch (event && event.currentTarget && event.currentTarget.id) {","            case 'testRunButton1':","                // show tests","                if (document.querySelector('#testReportDiv1').style.display === 'none') {","                    document.querySelector('#testReportDiv1').style.display = 'block';","                    document.querySelector('#testRunButton1').textContent =","                        'hide internal test';","                    local.modeTest = true;","                    local.testRunDefault(local);","                // hide tests","                } else {","                    document.querySelector('#testReportDiv1').style.display = 'none';","                    document.querySelector('#testRunButton1').textContent = 'run internal test';","                }","                break;","            // custom-case","            default:","                break;","            }","            if (document.querySelector('#inputTextareaEval1') && (!event || (event &&","                    event.currentTarget &&","                    event.currentTarget.className &&","                    event.currentTarget.className.includes &&","                    event.currentTarget.className.includes('oneval')))) {","                // try to eval input-code","                try {","                    /*jslint evil: true*/","                    eval(document.querySelector('#inputTextareaEval1').value);","                } catch (errorCaught) {","                    console.error(errorCaught);","                }","            }","        };","        // log stderr and stdout to #outputTextareaStdout1","        ['error', 'log'].forEach(function (key) {","            console[key + '_original'] = console[key];","            console[key] = function () {","                var element;","                console[key + '_original'].apply(console, arguments);","                element = document.querySelector('#outputTextareaStdout1');","                if (!element) {","                    return;","                }","                // append text to #outputTextareaStdout1","                element.value += Array.from(arguments).map(function (arg) {","                    return typeof arg === 'string'","                        ? arg","                        : JSON.stringify(arg, null, 4);","                }).join(' ') + '\\n';","                // scroll textarea to bottom","                element.scrollTop = element.scrollHeight;","            };","        });","        // init event-handling","        ['change', 'click', 'keyup'].forEach(function (event) {","            Array.from(document.querySelectorAll('.on' + event)).forEach(function (element) {","                element.addEventListener(event, local.testRunBrowser);","            });","        });","        // run tests","        local.testRunBrowser();","        break;","","","","    // run node js-env code - init-after","    /* istanbul ignore next */","    case 'node':","        // export local","        module.exports = local;","        // require modules","        local.fs = require('fs');","        local.http = require('http');","        local.url = require('url');","        // init assets","        local.assetsDict = local.assetsDict || {};","        /* jslint-ignore-begin */","        local.assetsDict['/assets.index.template.html'] = '\\","<!doctype html>\\n\\","<html lang=\"en\">\\n\\","<head>\\n\\","<meta charset=\"UTF-8\">\\n\\","<meta name=\"viewport\" content=\"width=device-width, initial-scale=1\">\\n\\","<title>{{env.npm_package_name}} (v{{env.npm_package_version}})</title>\\n\\","<style>\\n\\","/*csslint\\n\\","    box-sizing: false,\\n\\","    universal-selector: false\\n\\","*/\\n\\","* {\\n\\","    box-sizing: border-box;\\n\\","}\\n\\","body {\\n\\","    background: #dde;\\n\\","    font-family: Arial, Helvetica, sans-serif;\\n\\","    margin: 2rem;\\n\\","}\\n\\","body > * {\\n\\","    margin-bottom: 1rem;\\n\\","}\\n\\",".utility2FooterDiv {\\n\\","    margin-top: 20px;\\n\\","    text-align: center;\\n\\","}\\n\\","</style>\\n\\","<style>\\n\\","/*csslint\\n\\","*/\\n\\","textarea {\\n\\","    font-family: monospace;\\n\\","    height: 10rem;\\n\\","    width: 100%;\\n\\","}\\n\\","textarea[readonly] {\\n\\","    background: #ddd;\\n\\","}\\n\\","</style>\\n\\","</head>\\n\\","<body>\\n\\","<!-- utility2-comment\\n\\","<div id=\"ajaxProgressDiv1\" style=\"background: #d00; height: 2px; left: 0; margin: 0; padding: 0; position: fixed; top: 0; transition: background 0.5s, width 1.5s; width: 25%;\"></div>\\n\\","utility2-comment -->\\n\\","<h1>\\n\\","<!-- utility2-comment\\n\\","    <a\\n\\","        {{#if env.npm_package_homepage}}\\n\\","        href=\"{{env.npm_package_homepage}}\"\\n\\","        {{/if env.npm_package_homepage}}\\n\\","        target=\"_blank\"\\n\\","    >\\n\\","utility2-comment -->\\n\\","        {{env.npm_package_name}} (v{{env.npm_package_version}})\\n\\","<!-- utility2-comment\\n\\","    </a>\\n\\","utility2-comment -->\\n\\","</h1>\\n\\","<h3>{{env.npm_package_description}}</h3>\\n\\","<!-- utility2-comment\\n\\","<h4><a download href=\"assets.app.js\">download standalone app</a></h4>\\n\\","<button class=\"onclick onreset\" id=\"testRunButton1\">run internal test</button><br>\\n\\","<div id=\"testReportDiv1\" style=\"display: none;\"></div>\\n\\","utility2-comment -->\\n\\","\\n\\","\\n\\","\\n\\","<label>stderr and stdout</label>\\n\\","<textarea class=\"resettable\" id=\"outputTextareaStdout1\" readonly></textarea>\\n\\","<!-- utility2-comment\\n\\","{{#if isRollup}}\\n\\","<script src=\"assets.app.js\"></script>\\n\\","{{#unless isRollup}}\\n\\","utility2-comment -->\\n\\","<script src=\"assets.utility2.rollup.js\"></script>\\n\\","<script src=\"jsonp.utility2._stateInit?callback=window.utility2._stateInit\"></script>\\n\\","<script src=\"assets.npmtest_release_it.rollup.js\"></script>\\n\\","<script src=\"assets.example.js\"></script>\\n\\","<script src=\"assets.test.js\"></script>\\n\\","<!-- utility2-comment\\n\\","{{/if isRollup}}\\n\\","utility2-comment -->\\n\\","<div class=\"utility2FooterDiv\">\\n\\","    [ this app was created with\\n\\","    <a href=\"https://github.com/kaizhu256/node-utility2\" target=\"_blank\">utility2</a>\\n\\","    ]\\n\\","</div>\\n\\","</body>\\n\\","</html>\\n\\","';","        /* jslint-ignore-end */","        if (local.templateRender) {","            local.assetsDict['/'] = local.templateRender(","                local.assetsDict['/assets.index.template.html'],","                {","                    env: local.objectSetDefault(local.env, {","                        npm_package_description: 'the greatest app in the world!',","                        npm_package_name: 'my-app',","                        npm_package_nameAlias: 'my_app',","                        npm_package_version: '0.0.1'","                    })","                }","            );","        } else {","            local.assetsDict['/'] = local.assetsDict['/assets.index.template.html']","                .replace((/\\{\\{env\\.(\\w+?)\\}\\}/g), function (match0, match1) {","                    // jslint-hack","                    String(match0);","                    switch (match1) {","                    case 'npm_package_description':","                        return 'the greatest app in the world!';","                    case 'npm_package_name':","                        return 'my-app';","                    case 'npm_package_nameAlias':","                        return 'my_app';","                    case 'npm_package_version':","                        return '0.0.1';","                    }","                });","        }","        // run the cli","        if (local.global.utility2_rollup || module !== require.main) {","            break;","        }","        local.assetsDict['/assets.example.js'] =","            local.assetsDict['/assets.example.js'] ||","            local.fs.readFileSync(__filename, 'utf8');","        // bug-workaround - long $npm_package_buildCustomOrg","        /* jslint-ignore-begin */","        local.assetsDict['/assets.npmtest_release_it.rollup.js'] =","            local.assetsDict['/assets.npmtest_release_it.rollup.js'] ||","            local.fs.readFileSync(","                local.npmtest_release_it.__dirname + '/lib.npmtest_release_it.js',","                'utf8'","            ).replace((/^#!/), '//');","        /* jslint-ignore-end */","        local.assetsDict['/favicon.ico'] = local.assetsDict['/favicon.ico'] || '';","        // if $npm_config_timeout_exit exists,","        // then exit this process after $npm_config_timeout_exit ms","        if (Number(process.env.npm_config_timeout_exit)) {","            setTimeout(process.exit, Number(process.env.npm_config_timeout_exit));","        }","        // start server","        if (local.global.utility2_serverHttp1) {","            break;","        }","        process.env.PORT = process.env.PORT || '8081';","        console.error('server starting on port ' + process.env.PORT);","        local.http.createServer(function (request, response) {","            request.urlParsed = local.url.parse(request.url);","            if (local.assetsDict[request.urlParsed.pathname] !== undefined) {","                response.end(local.assetsDict[request.urlParsed.pathname]);","                return;","            }","            response.statusCode = 404;","            response.end();","        }).listen(process.env.PORT);","        break;","    }","}());",""],"l":{"26":2,"28":2,"33":2,"35":2,"37":2,"38":2,"39":2,"44":1,"51":2,"55":2,"59":2,"61":2,"69":1,"70":2,"76":2,"79":2,"82":2,"83":2,"85":1,"89":2,"92":1,"93":1,"94":1,"96":1,"97":1,"100":1,"101":1,"103":1,"106":1,"108":2,"114":1,"116":1,"118":1,"123":1,"124":2,"125":2,"126":3,"127":3,"128":3,"129":3,"130":1,"133":3,"134":3,"139":3,"143":1,"144":3,"145":1,"149":1,"150":1,"158":1,"160":1,"161":1,"162":1,"164":1,"166":1,"258":1,"259":1,"271":1,"274":6,"275":6,"277":1,"279":2,"281":1,"283":2,"288":1,"289":1,"291":1,"296":1,"303":1,"306":1,"307":1,"310":1,"311":1,"313":1,"314":1,"315":1,"316":1,"317":1,"318":1,"319":1,"321":1,"322":1,"324":1}},"/home/travis/build/npmtest/node-npmtest-release-it/node_modules/release-it/lib/release.js":{"path":"/home/travis/build/npmtest/node-npmtest-release-it/node_modules/release-it/lib/release.js","s":{"1":6,"2":1,"3":0,"4":1,"5":0,"6":0,"7":0,"8":0,"9":0,"10":0,"11":0,"12":0,"13":0,"14":0,"15":0,"16":0,"17":0,"18":0,"19":0,"20":0},"b":{"1":[0,0],"2":[0,0],"3":[0,0],"4":[0,0],"5":[0,0]},"f":{"1":0,"2":0},"fnMap":{"1":{"name":"fromCli","line":8,"loc":{"start":{"line":8,"column":0},"end":{"line":8,"column":23}}},"2":{"name":"execute","line":12,"loc":{"start":{"line":12,"column":0},"end":{"line":12,"column":23}}}},"statementMap":{"1":{"start":{"line":1,"column":0},"end":{"line":6,"column":28}},"2":{"start":{"line":8,"column":0},"end":{"line":10,"column":1}},"3":{"start":{"line":9,"column":2},"end":{"line":9,"column":41}},"4":{"start":{"line":12,"column":0},"end":{"line":48,"column":1}},"5":{"start":{"line":14,"column":2},"end":{"line":14,"column":28}},"6":{"start":{"line":16,"column":2},"end":{"line":45,"column":3}},"7":{"start":{"line":18,"column":4},"end":{"line":18,"column":18}},"8":{"start":{"line":20,"column":9},"end":{"line":45,"column":3}},"9":{"start":{"line":22,"column":4},"end":{"line":22,"column":15}},"10":{"start":{"line":26,"column":4},"end":{"line":28,"column":5}},"11":{"start":{"line":27,"column":6},"end":{"line":27,"column":74}},"12":{"start":{"line":30,"column":4},"end":{"line":32,"column":5}},"13":{"start":{"line":31,"column":6},"end":{"line":31,"column":38}},"14":{"start":{"line":34,"column":4},"end":{"line":34,"column":33}},"15":{"start":{"line":36,"column":4},"end":{"line":44,"column":7}},"16":{"start":{"line":38,"column":6},"end":{"line":38,"column":23}},"17":{"start":{"line":40,"column":6},"end":{"line":42,"column":7}},"18":{"start":{"line":41,"column":8},"end":{"line":41,"column":20}},"19":{"start":{"line":47,"column":2},"end":{"line":47,"column":14}},"20":{"start":{"line":50,"column":0},"end":{"line":53,"column":2}}},"branchMap":{"1":{"line":16,"type":"if","locations":[{"start":{"line":16,"column":2},"end":{"line":16,"column":2}},{"start":{"line":16,"column":2},"end":{"line":16,"column":2}}]},"2":{"line":20,"type":"if","locations":[{"start":{"line":20,"column":9},"end":{"line":20,"column":9}},{"start":{"line":20,"column":9},"end":{"line":20,"column":9}}]},"3":{"line":26,"type":"if","locations":[{"start":{"line":26,"column":4},"end":{"line":26,"column":4}},{"start":{"line":26,"column":4},"end":{"line":26,"column":4}}]},"4":{"line":30,"type":"if","locations":[{"start":{"line":30,"column":4},"end":{"line":30,"column":4}},{"start":{"line":30,"column":4},"end":{"line":30,"column":4}}]},"5":{"line":40,"type":"if","locations":[{"start":{"line":40,"column":6},"end":{"line":40,"column":6}},{"start":{"line":40,"column":6},"end":{"line":40,"column":6}}]}},"code":["const cli = require('./cli'), ","  log = require('./log'), ","  config = require('./config'), ","  tasks = require('./tasks'), ","  when = require('when'),","  noop = when.resolve(true);","","function fromCli(args) {","  return execute(config.parseArgs(args));","}","","function execute(opts) {","","  config.mergeOptions(opts);","","  if(config.isShowVersion) {","","    cli.version();","","  } else if(config.isShowHelp) {","","    cli.help();","","  } else {","","    if(config.isForce) {","      log.warn('Using --force, I sure hope you know what you are doing.');","    }","","    if(config.isDebug) {","      require('when/monitor/console');","    }","","    log.debugDir(config.options);","","    return tasks.run(config.options).catch(error => {","","      log.error(error);","","      if(config.isDebug) {","        throw error;","      }","","    });","  }","","  return noop;","}","","module.exports = {","  cli: fromCli,","  execute","};",""],"l":{"1":6,"8":1,"9":0,"12":1,"14":0,"16":0,"18":0,"20":0,"22":0,"26":0,"27":0,"30":0,"31":0,"34":0,"36":0,"38":0,"40":0,"41":0,"47":0,"50":0}},"/home/travis/build/npmtest/node-npmtest-release-it/node_modules/release-it/lib/cli.js":{"path":"/home/travis/build/npmtest/node-npmtest-release-it/node_modules/release-it/lib/cli.js","s":{"1":8,"2":0,"3":0,"4":0,"5":0},"b":{},"f":{"1":0,"2":0},"fnMap":{"1":{"name":"(anonymous_1)","line":29,"loc":{"start":{"line":29,"column":11},"end":{"line":29,"column":22}}},"2":{"name":"(anonymous_2)","line":32,"loc":{"start":{"line":32,"column":8},"end":{"line":32,"column":19}}}},"statementMap":{"1":{"start":{"line":1,"column":0},"end":{"line":3,"column":24}},"2":{"start":{"line":5,"column":0},"end":{"line":26,"column":13}},"3":{"start":{"line":28,"column":0},"end":{"line":35,"column":2}},"4":{"start":{"line":30,"column":4},"end":{"line":30,"column":27}},"5":{"start":{"line":33,"column":4},"end":{"line":33,"column":22}}},"branchMap":{},"code":["const log = require('./log'),","  pkg = require('../package.json'), ","  version = pkg.version;","","const helpText = [","  `Release It! v${version}`,","  '',","  'Usage: release-it <increment> [options]',","  '',","  'Use e.g. \"release-it minor\" directly as shorthand for \"release-it --increment=minor\".',","  '',","  '-c --config            Path to local configuration options [default: \".release.json\"]',","  '-d --dry-run           Do not touch or write anything, but show the commands and interactivity',","  '-e --debug             Output exceptions',","  '-f --force             Allow empty Git commit, force tag.',","  '-g --github.release    Release to GitHub',","  '-h --help              Print this help',","  '-i --increment         Increment \"major\", \"minor\", \"patch\", or \"pre*\" version; or specify version [default: \"patch\"]',","  '-m --message           Commit message [default: \"Release %s\"]',","  '-n --non-interactive   No interaction (assume default answers to questions)',","  '   --prereleaseId      Identifier for pre-releases (e.g. \"beta\" in \"1.0.0-beta.1\")',","  '-p --npm.publish       Auto-publish to npm (only relevant in --non-interactive mode)',","  '   --npm.tag           Registers published package with given tag (default: \"latest\")',","  '-v --version           Print version number',","  '-V --verbose           Verbose output'","].join('\\n');","","module.exports = {","  version: function() {","    log.log(`v${version}`);","  },","  help: function() {","    log.log(helpText);","  }","};",""],"l":{"1":8,"5":0,"28":0,"30":0,"33":0}},"/home/travis/build/npmtest/node-npmtest-release-it/node_modules/release-it/lib/log.js":{"path":"/home/travis/build/npmtest/node-npmtest-release-it/node_modules/release-it/lib/log.js","s":{"1":12,"2":1,"3":0,"4":1,"5":0,"6":1,"7":0,"8":0,"9":1,"10":0,"11":0,"12":1,"13":0,"14":1,"15":0,"16":0,"17":1,"18":0,"19":0,"20":1,"21":0,"22":0,"23":1,"24":0,"25":0,"26":1,"27":0,"28":0,"29":0},"b":{"1":[0,0],"2":[0,0],"3":[0,0],"4":[0,0],"5":[0,0],"6":[0,0],"7":[0,0]},"f":{"1":0,"2":0,"3":0,"4":0,"5":0,"6":0,"7":0,"8":0,"9":0,"10":0},"fnMap":{"1":{"name":"log","line":5,"loc":{"start":{"line":5,"column":0},"end":{"line":5,"column":15}}},"2":{"name":"bold","line":9,"loc":{"start":{"line":9,"column":0},"end":{"line":9,"column":16}}},"3":{"name":"warn","line":13,"loc":{"start":{"line":13,"column":0},"end":{"line":13,"column":23}}},"4":{"name":"error","line":18,"loc":{"start":{"line":18,"column":0},"end":{"line":18,"column":24}}},"5":{"name":"dir","line":23,"loc":{"start":{"line":23,"column":0},"end":{"line":23,"column":18}}},"6":{"name":"verbose","line":27,"loc":{"start":{"line":27,"column":0},"end":{"line":27,"column":19}}},"7":{"name":"verboseDir","line":33,"loc":{"start":{"line":33,"column":0},"end":{"line":33,"column":25}}},"8":{"name":"debug","line":39,"loc":{"start":{"line":39,"column":0},"end":{"line":39,"column":17}}},"9":{"name":"debugDir","line":45,"loc":{"start":{"line":45,"column":0},"end":{"line":45,"column":23}}},"10":{"name":"execution","line":51,"loc":{"start":{"line":51,"column":0},"end":{"line":51,"column":21}}}},"statementMap":{"1":{"start":{"line":1,"column":0},"end":{"line":3,"column":31}},"2":{"start":{"line":5,"column":0},"end":{"line":7,"column":1}},"3":{"start":{"line":6,"column":2},"end":{"line":6,"column":40}},"4":{"start":{"line":9,"column":0},"end":{"line":11,"column":1}},"5":{"start":{"line":10,"column":2},"end":{"line":10,"column":42}},"6":{"start":{"line":13,"column":0},"end":{"line":16,"column":1}},"7":{"start":{"line":14,"column":2},"end":{"line":14,"column":39}},"8":{"start":{"line":15,"column":2},"end":{"line":15,"column":40}},"9":{"start":{"line":18,"column":0},"end":{"line":21,"column":1}},"10":{"start":{"line":19,"column":2},"end":{"line":19,"column":39}},"11":{"start":{"line":20,"column":2},"end":{"line":20,"column":35}},"12":{"start":{"line":23,"column":0},"end":{"line":25,"column":1}},"13":{"start":{"line":24,"column":2},"end":{"line":24,"column":56}},"14":{"start":{"line":27,"column":0},"end":{"line":31,"column":1}},"15":{"start":{"line":28,"column":2},"end":{"line":30,"column":3}},"16":{"start":{"line":29,"column":4},"end":{"line":29,"column":31}},"17":{"start":{"line":33,"column":0},"end":{"line":37,"column":1}},"18":{"start":{"line":34,"column":2},"end":{"line":36,"column":3}},"19":{"start":{"line":35,"column":4},"end":{"line":35,"column":13}},"20":{"start":{"line":39,"column":0},"end":{"line":43,"column":1}},"21":{"start":{"line":40,"column":2},"end":{"line":42,"column":3}},"22":{"start":{"line":41,"column":4},"end":{"line":41,"column":31}},"23":{"start":{"line":45,"column":0},"end":{"line":49,"column":1}},"24":{"start":{"line":46,"column":2},"end":{"line":48,"column":3}},"25":{"start":{"line":47,"column":4},"end":{"line":47,"column":13}},"26":{"start":{"line":51,"column":0},"end":{"line":54,"column":1}},"27":{"start":{"line":52,"column":2},"end":{"line":52,"column":90}},"28":{"start":{"line":53,"column":2},"end":{"line":53,"column":28}},"29":{"start":{"line":56,"column":0},"end":{"line":67,"column":2}}},"branchMap":{"1":{"line":14,"type":"binary-expr","locations":[{"start":{"line":14,"column":12},"end":{"line":14,"column":27}},{"start":{"line":14,"column":31},"end":{"line":14,"column":38}}]},"2":{"line":19,"type":"binary-expr","locations":[{"start":{"line":19,"column":12},"end":{"line":19,"column":27}},{"start":{"line":19,"column":31},"end":{"line":19,"column":38}}]},"3":{"line":28,"type":"if","locations":[{"start":{"line":28,"column":2},"end":{"line":28,"column":2}},{"start":{"line":28,"column":2},"end":{"line":28,"column":2}}]},"4":{"line":34,"type":"if","locations":[{"start":{"line":34,"column":2},"end":{"line":34,"column":2}},{"start":{"line":34,"column":2},"end":{"line":34,"column":2}}]},"5":{"line":40,"type":"if","locations":[{"start":{"line":40,"column":2},"end":{"line":40,"column":2}},{"start":{"line":40,"column":2},"end":{"line":40,"column":2}}]},"6":{"line":46,"type":"if","locations":[{"start":{"line":46,"column":2},"end":{"line":46,"column":2}},{"start":{"line":46,"column":2},"end":{"line":46,"column":2}}]},"7":{"line":52,"type":"cond-expr","locations":[{"start":{"line":52,"column":51},"end":{"line":52,"column":62}},{"start":{"line":52,"column":65},"end":{"line":52,"column":76}}]}},"code":["const util = require('util'), ","  chalk = require('chalk'), ","  config = require('./config');","","function log() {","  console.log.apply(console, arguments);","}","","function bold() {","  log(chalk.bold.apply(chalk, arguments));","}","","function warn(message) {","  message = message.message || message;","  log(chalk.yellow('WARNING'), message);","}","","function error(message) {","  message = message.message || message;","  log(chalk.red('ERROR'), message);","}","","function dir(obj) {","  log(util.inspect(obj, { depth: null, colors: true }));","}","","function verbose() {","  if(config.isVerbose) {","    log.apply(null, arguments);","  }","}","","function verboseDir(obj) {","  if(config.isVerbose) {","    dir(obj);","  }","}","","function debug() {","  if(config.isDebug) {","    log.apply(null, arguments);","  }","}","","function debugDir(obj) {","  if(config.isDebug) {","    dir(obj);","  }","}","","function execution() {","  const args = [].concat.apply([!config.isDryRun ? '[execute]' : '[dry-run]'], arguments);","  verbose.apply(this, args);","}","","module.exports = {","  log,","  bold,","  warn,","  error,","  dir,","  verbose,","  verboseDir,","  debug,","  debugDir,","  execution","};",""],"l":{"1":12,"5":1,"6":0,"9":1,"10":0,"13":1,"14":0,"15":0,"18":1,"19":0,"20":0,"23":1,"24":0,"27":1,"28":0,"29":0,"33":1,"34":0,"35":0,"39":1,"40":0,"41":0,"45":1,"46":0,"47":0,"51":1,"52":0,"53":0,"56":0}},"/home/travis/build/npmtest/node-npmtest-release-it/node_modules/release-it/lib/config.js":{"path":"/home/travis/build/npmtest/node-npmtest-release-it/node_modules/release-it/lib/config.js","s":{"1":16,"2":16,"3":0,"4":0,"5":1,"6":0,"7":0,"8":0,"9":0,"10":0,"11":0,"12":0,"13":0,"14":0,"15":0,"16":1,"17":0,"18":0,"19":0,"20":0,"21":0,"22":1,"23":0,"24":0,"25":0,"26":0,"27":0,"28":0,"29":0,"30":0,"31":0,"32":0,"33":0,"34":0,"35":0,"36":0,"37":0,"38":0,"39":0,"40":0,"41":0,"42":0,"43":0,"44":0,"45":0,"46":0,"47":0,"48":0,"49":0},"b":{"1":[0,0],"2":[0,0],"3":[0,0],"4":[0,0],"5":[0,0],"6":[0,0],"7":[0,0],"8":[0,0],"9":[0,0],"10":[0,0]},"f":{"1":0,"2":0,"3":0,"4":0,"5":0,"6":0,"7":0,"8":0,"9":0,"10":0,"11":0,"12":0,"13":0,"14":0,"15":0},"fnMap":{"1":{"name":"getLocalOptions","line":27,"loc":{"start":{"line":27,"column":0},"end":{"line":27,"column":42}}},"2":{"name":"getNpmPackageOptions","line":46,"loc":{"start":{"line":46,"column":0},"end":{"line":46,"column":32}}},"3":{"name":"getDefaultOptions","line":64,"loc":{"start":{"line":64,"column":0},"end":{"line":64,"column":29}}},"4":{"name":"(anonymous_4)","line":70,"loc":{"start":{"line":70,"column":13},"end":{"line":70,"column":16}}},"5":{"name":"(anonymous_5)","line":78,"loc":{"start":{"line":78,"column":11},"end":{"line":78,"column":18}}},"6":{"name":"(anonymous_6)","line":89,"loc":{"start":{"line":89,"column":14},"end":{"line":89,"column":24}}},"7":{"name":"(anonymous_7)","line":112,"loc":{"start":{"line":112,"column":18},"end":{"line":112,"column":24}}},"8":{"name":"(anonymous_8)","line":116,"loc":{"start":{"line":116,"column":18},"end":{"line":116,"column":31}}},"9":{"name":"(anonymous_9)","line":120,"loc":{"start":{"line":120,"column":13},"end":{"line":120,"column":16}}},"10":{"name":"(anonymous_10)","line":124,"loc":{"start":{"line":124,"column":13},"end":{"line":124,"column":16}}},"11":{"name":"(anonymous_11)","line":128,"loc":{"start":{"line":128,"column":14},"end":{"line":128,"column":17}}},"12":{"name":"(anonymous_12)","line":132,"loc":{"start":{"line":132,"column":13},"end":{"line":132,"column":16}}},"13":{"name":"(anonymous_13)","line":136,"loc":{"start":{"line":136,"column":15},"end":{"line":136,"column":18}}},"14":{"name":"(anonymous_14)","line":140,"loc":{"start":{"line":140,"column":19},"end":{"line":140,"column":22}}},"15":{"name":"(anonymous_15)","line":144,"loc":{"start":{"line":144,"column":16},"end":{"line":144,"column":19}}}},"statementMap":{"1":{"start":{"line":1,"column":0},"end":{"line":4,"column":49}},"2":{"start":{"line":6,"column":0},"end":{"line":8,"column":67}},"3":{"start":{"line":10,"column":0},"end":{"line":10,"column":52}},"4":{"start":{"line":12,"column":0},"end":{"line":25,"column":2}},"5":{"start":{"line":27,"column":0},"end":{"line":44,"column":1}},"6":{"start":{"line":28,"column":2},"end":{"line":28,"column":24}},"7":{"start":{"line":29,"column":2},"end":{"line":29,"column":110}},"8":{"start":{"line":31,"column":2},"end":{"line":39,"column":3}},"9":{"start":{"line":32,"column":4},"end":{"line":32,"column":45}},"10":{"start":{"line":34,"column":4},"end":{"line":38,"column":5}},"11":{"start":{"line":35,"column":6},"end":{"line":35,"column":92}},"12":{"start":{"line":36,"column":11},"end":{"line":38,"column":5}},"13":{"start":{"line":37,"column":6},"end":{"line":37,"column":90}},"14":{"start":{"line":41,"column":2},"end":{"line":41,"column":129}},"15":{"start":{"line":43,"column":2},"end":{"line":43,"column":22}},"16":{"start":{"line":46,"column":0},"end":{"line":62,"column":1}},"17":{"start":{"line":48,"column":2},"end":{"line":48,"column":15}},"18":{"start":{"line":50,"column":2},"end":{"line":54,"column":3}},"19":{"start":{"line":51,"column":4},"end":{"line":51,"column":38}},"20":{"start":{"line":53,"column":4},"end":{"line":53,"column":13}},"21":{"start":{"line":56,"column":2},"end":{"line":60,"column":3}},"22":{"start":{"line":64,"column":0},"end":{"line":66,"column":1}},"23":{"start":{"line":65,"column":2},"end":{"line":65,"column":24}},"24":{"start":{"line":71,"column":4},"end":{"line":71,"column":27}},"25":{"start":{"line":72,"column":4},"end":{"line":72,"column":27}},"26":{"start":{"line":73,"column":4},"end":{"line":73,"column":52}},"27":{"start":{"line":74,"column":4},"end":{"line":74,"column":46}},"28":{"start":{"line":75,"column":4},"end":{"line":75,"column":29}},"29":{"start":{"line":79,"column":4},"end":{"line":82,"column":7}},"30":{"start":{"line":83,"column":4},"end":{"line":83,"column":48}},"31":{"start":{"line":84,"column":4},"end":{"line":84,"column":62}},"32":{"start":{"line":85,"column":4},"end":{"line":85,"column":64}},"33":{"start":{"line":86,"column":4},"end":{"line":86,"column":28}},"34":{"start":{"line":91,"column":4},"end":{"line":91,"column":28}},"35":{"start":{"line":93,"column":4},"end":{"line":93,"column":84}},"36":{"start":{"line":95,"column":4},"end":{"line":102,"column":6}},"37":{"start":{"line":104,"column":4},"end":{"line":104,"column":85}},"38":{"start":{"line":106,"column":4},"end":{"line":106,"column":90}},"39":{"start":{"line":108,"column":4},"end":{"line":108,"column":55}},"40":{"start":{"line":113,"column":4},"end":{"line":113,"column":36}},"41":{"start":{"line":117,"column":4},"end":{"line":117,"column":37}},"42":{"start":{"line":121,"column":4},"end":{"line":121,"column":59}},"43":{"start":{"line":125,"column":4},"end":{"line":125,"column":30}},"44":{"start":{"line":129,"column":4},"end":{"line":129,"column":35}},"45":{"start":{"line":133,"column":4},"end":{"line":133,"column":30}},"46":{"start":{"line":137,"column":4},"end":{"line":137,"column":32}},"47":{"start":{"line":141,"column":4},"end":{"line":141,"column":32}},"48":{"start":{"line":145,"column":4},"end":{"line":145,"column":29}},"49":{"start":{"line":150,"column":0},"end":{"line":150,"column":30}}},"branchMap":{"1":{"line":29,"type":"cond-expr","locations":[{"start":{"line":29,"column":45},"end":{"line":29,"column":89}},{"start":{"line":29,"column":92},"end":{"line":29,"column":109}}]},"2":{"line":34,"type":"if","locations":[{"start":{"line":34,"column":4},"end":{"line":34,"column":4}},{"start":{"line":34,"column":4},"end":{"line":34,"column":4}}]},"3":{"line":36,"type":"if","locations":[{"start":{"line":36,"column":11},"end":{"line":36,"column":11}},{"start":{"line":36,"column":11},"end":{"line":36,"column":11}}]},"4":{"line":41,"type":"cond-expr","locations":[{"start":{"line":41,"column":99},"end":{"line":41,"column":104}},{"start":{"line":41,"column":107},"end":{"line":41,"column":128}}]},"5":{"line":41,"type":"binary-expr","locations":[{"start":{"line":41,"column":26},"end":{"line":41,"column":58}},{"start":{"line":41,"column":62},"end":{"line":41,"column":96}}]},"6":{"line":83,"type":"binary-expr","locations":[{"start":{"line":83,"column":29},"end":{"line":83,"column":37}},{"start":{"line":83,"column":41},"end":{"line":83,"column":46}}]},"7":{"line":91,"type":"binary-expr","locations":[{"start":{"line":91,"column":14},"end":{"line":91,"column":21}},{"start":{"line":91,"column":25},"end":{"line":91,"column":27}}]},"8":{"line":93,"type":"binary-expr","locations":[{"start":{"line":93,"column":40},"end":{"line":93,"column":54}},{"start":{"line":93,"column":58},"end":{"line":93,"column":82}}]},"9":{"line":104,"type":"binary-expr","locations":[{"start":{"line":104,"column":25},"end":{"line":104,"column":52}},{"start":{"line":104,"column":56},"end":{"line":104,"column":84}}]},"10":{"line":106,"type":"binary-expr","locations":[{"start":{"line":106,"column":28},"end":{"line":106,"column":64}},{"start":{"line":106,"column":68},"end":{"line":106,"column":89}}]}},"code":["const path = require('path'),","  parseArgs = require('minimist'),","  _ = require('lodash'),","  fixDeprecatedOptions = require('./deprecated');","","const DEFAULT_CONFIG_PATH = path.resolve(__dirname, '..', 'conf', 'release.json'), ","  LOCAL_CONFIG_PATH = path.resolve(process.cwd(), '.release.json'), ","  LOCAL_PACKAGE_PATH = path.resolve(process.cwd(), 'package.json');","","const defaultOptions = require(DEFAULT_CONFIG_PATH);","","const aliases = {","  c: 'config',","  d: 'dry-run',","  e: 'debug',","  f: 'force',","  g: 'github.release',","  h: 'help',","  i: 'increment',","  m: 'message',","  n: 'non-interactive',","  p: 'npm.publish',","  v: 'version',","  V: 'verbose'","};","","function getLocalOptions(localConfigFile) {","  var localOptions = {};","  const localOptionsPath = localConfigFile ? path.resolve(process.cwd(), localConfigFile) : LOCAL_CONFIG_PATH;","","  try {","    localOptions = require(localOptionsPath);","  } catch(error) {","    if(localConfigFile) {","      throw new Error(`Cannot find provided local configuration file: ${localOptionsPath}`);","    } else if(error.code !== 'MODULE_NOT_FOUND') {","      throw new Error(`Could not load configuration file: ${localOptionsPath}\\n${error}`);","    }","  }","","  localOptions.pkgFiles = _.isArray(localOptions.pkgFiles) && localOptions.pkgFiles.length === 0 ? false : localOptions.pkgFiles;","","  return localOptions;","}","","function getNpmPackageOptions() {","","  var pkg = {};","","  try {","    pkg = require(LOCAL_PACKAGE_PATH);","  } catch(error) {","    pkg = {};","  }","","  return {","    version: pkg.version,","    name: pkg.name,","    private: pkg.private","  }","","}","","function getDefaultOptions() {","  return defaultOptions;","}","","class Config {","","  constructor() {","    this.cliArguments = {};","    this.localOptions = {};","    this.npmPackageOptions = getNpmPackageOptions();","    this.defaultOptions = getDefaultOptions();","    this.runtimeOptions = {};","  };","","  parseArgs(args) {","    const cli = parseArgs(args, {","      boolean: true,","      alias: aliases","    });","    cli.increment = cli.i = (cli._[0] || cli.i);","    cli.src = _.extend({commitMessage: cli.message}, cli.src);","    cli.dist = _.extend({commitMessage: cli.message}, cli.dist);","    this.cliArguments = cli;","  };","","  mergeOptions(options) {","","    options = options || {};","","    this.localOptions = getLocalOptions(options.config || this.cliArguments.config);","","    const mergedOptions = _.defaultsDeep(","      {},","      this.cliArguments,","      options,","      this.localOptions,","      { npm: this.npmPackageOptions },","      this.defaultOptions","    );","","    mergedOptions.name = this.npmPackageOptions.name || path.basename(process.cwd());","","    mergedOptions.verbose = this.cliArguments['non-interactive'] || mergedOptions.verbose;","","    this.options = fixDeprecatedOptions(mergedOptions);","","  };","","  getRuntimeOption(key) {","    return this.runtimeOptions[key];","  }","","  setRuntimeOption(key, value) {","    this.runtimeOptions[key] = value;","  };","","  get context() {","    return _.extend({}, this.options, this.runtimeOptions);","  }","","  get isDebug() {","    return this.options.debug;","  }","","  get isDryRun() {","    return this.options['dry-run'];","  }","","  get isForce() {","    return this.options.force;","  }","","  get isVerbose() {","    return this.options.verbose;","  }","","  get isShowVersion() {","    return this.options.version;","  }","","  get isShowHelp() {","    return this.options.help;","  }","","}","","module.exports = new Config();",""],"l":{"1":16,"6":16,"10":0,"12":0,"27":1,"28":0,"29":0,"31":0,"32":0,"34":0,"35":0,"36":0,"37":0,"41":0,"43":0,"46":1,"48":0,"50":0,"51":0,"53":0,"56":0,"64":1,"65":0,"71":0,"72":0,"73":0,"74":0,"75":0,"79":0,"83":0,"84":0,"85":0,"86":0,"91":0,"93":0,"95":0,"104":0,"106":0,"108":0,"113":0,"117":0,"121":0,"125":0,"129":0,"133":0,"137":0,"141":0,"145":0,"150":0}},"/home/travis/build/npmtest/node-npmtest-release-it/node_modules/release-it/lib/deprecated.js":{"path":"/home/travis/build/npmtest/node-npmtest-release-it/node_modules/release-it/lib/deprecated.js","s":{"1":1,"2":1,"3":1,"4":0,"5":0,"6":0,"7":0,"8":0,"9":0,"10":0,"11":1,"12":0,"13":0,"14":0,"15":0,"16":0,"17":0},"b":{"1":[0,0],"2":[0,0],"3":[0,0],"4":[0,0]},"f":{"1":0,"2":0},"fnMap":{"1":{"name":"fixAndWarn","line":30,"loc":{"start":{"line":30,"column":0},"end":{"line":30,"column":57}}},"2":{"name":"fixDeprecatedOptions","line":43,"loc":{"start":{"line":43,"column":17},"end":{"line":43,"column":56}}}},"statementMap":{"1":{"start":{"line":1,"column":0},"end":{"line":1,"column":31}},"2":{"start":{"line":3,"column":0},"end":{"line":28,"column":2}},"3":{"start":{"line":30,"column":0},"end":{"line":41,"column":1}},"4":{"start":{"line":31,"column":2},"end":{"line":31,"column":31}},"5":{"start":{"line":32,"column":2},"end":{"line":40,"column":3}},"6":{"start":{"line":33,"column":4},"end":{"line":33,"column":154}},"7":{"start":{"line":34,"column":4},"end":{"line":38,"column":5}},"8":{"start":{"line":35,"column":6},"end":{"line":35,"column":52}},"9":{"start":{"line":37,"column":6},"end":{"line":37,"column":47}},"10":{"start":{"line":39,"column":4},"end":{"line":39,"column":37}},"11":{"start":{"line":43,"column":0},"end":{"line":54,"column":2}},"12":{"start":{"line":44,"column":2},"end":{"line":52,"column":3}},"13":{"start":{"line":45,"column":4},"end":{"line":51,"column":5}},"14":{"start":{"line":46,"column":6},"end":{"line":48,"column":7}},"15":{"start":{"line":47,"column":8},"end":{"line":47,"column":67}},"16":{"start":{"line":50,"column":6},"end":{"line":50,"column":55}},"17":{"start":{"line":53,"column":2},"end":{"line":53,"column":17}}},"branchMap":{"1":{"line":32,"type":"if","locations":[{"start":{"line":32,"column":2},"end":{"line":32,"column":2}},{"start":{"line":32,"column":2},"end":{"line":32,"column":2}}]},"2":{"line":33,"type":"cond-expr","locations":[{"start":{"line":33,"column":103},"end":{"line":33,"column":112}},{"start":{"line":33,"column":115},"end":{"line":33,"column":117}}]},"3":{"line":34,"type":"if","locations":[{"start":{"line":34,"column":4},"end":{"line":34,"column":4}},{"start":{"line":34,"column":4},"end":{"line":34,"column":4}}]},"4":{"line":45,"type":"if","locations":[{"start":{"line":45,"column":4},"end":{"line":45,"column":4}},{"start":{"line":45,"column":4},"end":{"line":45,"column":4}}]}},"code":["const util = require('./util');","","const deprecatedOptions = {","  src: {","    commitMessage: 'commitMessage',","    tagName: 'tagName',","    tagAnnotation: 'tagAnnotation'","  },","  dist: {","    repo: 'distRepo',","    stageDir: 'distStageDir',","    baseDir: 'distBase',","    files: 'distFiles',","    pkgFiles: 'distPkgFiles'","  },","  npm: {","    publish: 'publish',","    publishPath: 'publishPath',","    private: 'private',","    forcePublishSourceRepo: 'forcePublishSourceRepo'","  },","  github: {","    release: 'githubRelease',","    releaseName: 'githubReleaseName',","    tokenRef: 'githubTokenRef'","  },","  changelogCommand: 'githubReleaseBodyCommand'","};","","function fixAndWarn(options, deprecatedOption, cat, opt) {","  const log = require('./log'); // TODO: Fix circular ref","  if(deprecatedOption in options) {","    log.warn(util.format(`Deprecation notice: the option %s will be removed soon. Please use %s${opt ? '.' + opt : ''} instead.`, deprecatedOption, cat));","    if(opt) {","      options[cat][opt] = options[deprecatedOption];","    } else {","      options[cat] = options[deprecatedOption];","    }","    delete options[deprecatedOption];","  }","}","","module.exports = function fixDeprecatedOptions(options) {","  for(const cat in deprecatedOptions) {","    if(typeof deprecatedOptions[cat] === 'object') {","      for(const opt in deprecatedOptions[cat]) {","        fixAndWarn(options, deprecatedOptions[cat][opt], cat, opt);","      }","    } else {","      fixAndWarn(options, deprecatedOptions[cat], cat);","    }","  }","  return options;","};",""],"l":{"1":1,"3":1,"30":1,"31":0,"32":0,"33":0,"34":0,"35":0,"37":0,"39":0,"43":1,"44":0,"45":0,"46":0,"47":0,"50":0,"53":0}},"/home/travis/build/npmtest/node-npmtest-release-it/node_modules/release-it/lib/util.js":{"path":"/home/travis/build/npmtest/node-npmtest-release-it/node_modules/release-it/lib/util.js","s":{"1":1,"2":1,"3":1,"4":1,"5":0,"6":1,"7":0,"8":0,"9":0,"10":0,"11":1,"12":0,"13":0,"14":0,"15":1,"16":0,"17":1},"b":{"1":[0,0],"2":[0,0],"3":[0,0]},"f":{"1":0,"2":0,"3":0,"4":0},"fnMap":{"1":{"name":"isValidVersion","line":9,"loc":{"start":{"line":9,"column":0},"end":{"line":9,"column":31}}},"2":{"name":"increment","line":13,"loc":{"start":{"line":13,"column":0},"end":{"line":13,"column":51}}},"3":{"name":"format","line":22,"loc":{"start":{"line":22,"column":0},"end":{"line":22,"column":40}}},"4":{"name":"template","line":30,"loc":{"start":{"line":30,"column":0},"end":{"line":30,"column":34}}}},"statementMap":{"1":{"start":{"line":1,"column":0},"end":{"line":3,"column":24}},"2":{"start":{"line":5,"column":0},"end":{"line":5,"column":51}},"3":{"start":{"line":7,"column":0},"end":{"line":7,"column":106}},"4":{"start":{"line":9,"column":0},"end":{"line":11,"column":1}},"5":{"start":{"line":10,"column":2},"end":{"line":10,"column":29}},"6":{"start":{"line":13,"column":0},"end":{"line":20,"column":1}},"7":{"start":{"line":14,"column":2},"end":{"line":14,"column":35}},"8":{"start":{"line":15,"column":2},"end":{"line":19,"column":3}},"9":{"start":{"line":16,"column":4},"end":{"line":16,"column":21}},"10":{"start":{"line":18,"column":4},"end":{"line":18,"column":54}},"11":{"start":{"line":22,"column":0},"end":{"line":28,"column":1}},"12":{"start":{"line":23,"column":2},"end":{"line":27,"column":3}},"13":{"start":{"line":24,"column
[...]
,"18":[0,0],"19":[0,0],"20":[0,0],"21":[0,0,0],"22":[0,0],"23":[0,0],"24":[0,0],"25":[0,0],"26":[0,0]},"f":{"1":0,"2":0,"3":0,"4":0,"5":0,"6":0,"7":0,"8":0,"9":0,"10":0},"fnMap":{"1":{"name":"parseVersion","line":12,"loc":{"start":{"line":12,"column":0},"end":{"line":12,"column":24}}},"2":{"name":"setRemoteGitUrl","line":39,"loc":{"start":{"line":39,"column":0},"end":{"line":39,"column":27}}},"3":{"name":"getChangelog","line":47,"loc":{"start":{"line":47,"column":0},"end":{"line":47,"column":24}}},"4":{"name":"checkGithubToken","line":54,"loc":{"start":{"line":54,"column":0},"end":{"line":54,"column":28}}},"5":{"name":"releaseSourceRepo","line":64,"loc":{"start":{"line":64,"column":0},"end":{"line":64,"column":29}}},"6":{"name":"releaseDistRepo","line":120,"loc":{"start":{"line":120,"column":0},"end":{"line":120,"column":27}}},"7":{"name":"getGenericTasks","line":160,"loc":{"start":{"line":160,"column":0},"end":{"line":160,"column":27}}},"8":{"name":"getSrcRepoTasks","line":173,"loc":{"start":{"line":173,"column":0},"end":{"line":173,"column":27}}},"9":{"name":"getDistRepoTasks","line":201,"loc":{"start":{"line":201,"column":0},"end":{"line":201,"column":28}}},"10":{"name":"(anonymous_10)","line":224,"loc":{"start":{"line":224,"column":7},"end":{"line":224,"column":25}}}},"statementMap":{"1":{"start":{"line":1,"column":0},"end":{"line":10,"column":39}},"2":{"start":{"line":12,"column":0},"end":{"line":37,"column":1}},"3":{"start":{"line":14,"column":2},"end":{"line":14,"column":33}},"4":{"start":{"line":15,"column":2},"end":{"line":15,"column":99}},"5":{"start":{"line":17,"column":2},"end":{"line":36,"column":3}},"6":{"start":{"line":19,"column":4},"end":{"line":31,"column":7}},"7":{"start":{"line":20,"column":6},"end":{"line":27,"column":7}},"8":{"start":{"line":21,"column":8},"end":{"line":21,"column":89}},"9":{"start":{"line":22,"column":8},"end":{"line":22,"column":84}},"10":{"start":{"line":23,"column":8},"end":{"line":23,"column":56}},"11":{"start":{"line":24,"column":8},"end":{"line":24,"column":56}},"12":{"start":{"line":26,"column":8},"end":{"line":26,"column":76}},"13":{"start":{"line":29,"column":6},"end":{"line":29,"column":23}},"14":{"start":{"line":30,"column":6},"end":{"line":30,"column":126}},"15":{"start":{"line":34,"column":4},"end":{"line":34,"column":56}},"16":{"start":{"line":35,"column":4},"end":{"line":35,"column":105}},"17":{"start":{"line":39,"column":0},"end":{"line":45,"column":1}},"18":{"start":{"line":40,"column":2},"end":{"line":44,"column":5}},"19":{"start":{"line":41,"column":4},"end":{"line":41,"column":52}},"20":{"start":{"line":43,"column":4},"end":{"line":43,"column":52}},"21":{"start":{"line":47,"column":0},"end":{"line":52,"column":1}},"22":{"start":{"line":48,"column":2},"end":{"line":48,"column":33}},"23":{"start":{"line":49,"column":2},"end":{"line":51,"column":3}},"24":{"start":{"line":50,"column":4},"end":{"line":50,"column":37}},"25":{"start":{"line":54,"column":0},"end":{"line":62,"column":1}},"26":{"start":{"line":55,"column":2},"end":{"line":55,"column":33}},"27":{"start":{"line":56,"column":2},"end":{"line":61,"column":3}},"28":{"start":{"line":57,"column":4},"end":{"line":57,"column":62}},"29":{"start":{"line":58,"column":4},"end":{"line":60,"column":5}},"30":{"start":{"line":59,"column":6},"end":{"line":59,"column":113}},"31":{"start":{"line":64,"column":0},"end":{"line":118,"column":1}},"32":{"start":{"line":66,"column":2},"end":{"line":66,"column":34}},"33":{"start":{"line":68,"column":2},"end":{"line":69,"column":36}},"34":{"start":{"line":71,"column":2},"end":{"line":82,"column":4}},"35":{"start":{"line":84,"column":2},"end":{"line":95,"column":3}},"36":{"start":{"line":86,"column":4},"end":{"line":86,"column":52}},"37":{"start":{"line":87,"column":4},"end":{"line":87,"column":43}},"38":{"start":{"line":88,"column":4},"end":{"line":88,"column":42}},"39":{"start":{"line":89,"column":4},"end":{"line":89,"column":43}},"40":{"start":{"line":90,"column":4},"end":{"line":90,"column":42}},"41":{"start":{"line":91,"column":4},"end":{"line":91,"column":56}},"42":{"start":{"line":92,"column":4},"end":{"line":92,"column":46}},"43":{"start":{"line":93,"column":4},"end":{"line":93,"column":48}},"44":{"start":{"line":94,"column":4},"end":{"line":94,"column":42}},"45":{"start":{"line":97,"column":2},"end":{"line":112,"column":3}},"46":{"start":{"line":99,"column":4},"end":{"line":106,"column":9}},"47":{"start":{"line":110,"column":4},"end":{"line":110,"column":64}},"48":{"start":{"line":114,"column":2},"end":{"line":114,"column":46}},"49":{"start":{"line":116,"column":2},"end":{"line":116,"column":32}},"50":{"start":{"line":120,"column":0},"end":{"line":158,"column":1}},"51":{"start":{"line":122,"column":2},"end":{"line":123,"column":37}},"52":{"start":{"line":125,"column":2},"end":{"line":128,"column":3}},"53":{"start":{"line":126,"column":4},"end":{"line":126,"column":47}},"54":{"start":{"line":127,"column":4},"end":{"line":127,"column":18}},"55":{"start":{"line":130,"column":2},"end":{"line":130,"column":40}},"56":{"start":{"line":132,"column":2},"end":{"line":134,"column":4}},"57":{"start":{"line":136,"column":2},"end":{"line":150,"column":3}},"58":{"start":{"line":138,"column":4},"end":{"line":144,"column":9}},"59":{"start":{"line":148,"column":4},"end":{"line":148,"column":65}},"60":{"start":{"line":152,"column":2},"end":{"line":152,"column":46}},"61":{"start":{"line":154,"column":2},"end":{"line":154,"column":31}},"62":{"start":{"line":156,"column":2},"end":{"line":156,"column":32}},"63":{"start":{"line":160,"column":0},"end":{"line":171,"column":1}},"64":{"start":{"line":161,"column":2},"end":{"line":162,"column":49}},"65":{"start":{"line":163,"column":2},"end":{"line":170,"column":3}},"66":{"start":{"line":173,"column":0},"end":{"line":199,"column":1}},"67":{"start":{"line":175,"column":2},"end":{"line":179,"column":91}},"68":{"start":{"line":181,"column":2},"end":{"line":198,"column":5}},"69":{"start":{"line":201,"column":0},"end":{"line":221,"column":1}},"70":{"start":{"line":203,"column":2},"end":{"line":206,"column":61}},"71":{"start":{"line":208,"column":2},"end":{"line":220,"column":5}},"72":{"start":{"line":223,"column":0},"end":{"line":234,"column":2}},"73":{"start":{"line":225,"column":4},"end":{"line":232,"column":15}}},"branchMap":{"1":{"line":15,"type":"cond-expr","locations":[{"start":{"line":15,"column":59},"end":{"line":15,"column":76}},{"start":{"line":15,"column":79},"end":{"line":15,"column":98}}]},"2":{"line":17,"type":"if","locations":[{"start":{"line":17,"column":2},"end":{"line":17,"column":2}},{"start":{"line":17,"column":2},"end":{"line":17,"column":2}}]},"3":{"line":20,"type":"if","locations":[{"start":{"line":20,"column":6},"end":{"line":20,"column":6}},{"start":{"line":20,"column":6},"end":{"line":20,"column":6}}]},"4":{"line":49,"type":"if","locations":[{"start":{"line":49,"column":2},"end":{"line":49,"column":2}},{"start":{"line":49,"column":2},"end":{"line":49,"column":2}}]},"5":{"line":56,"type":"if","locations":[{"start":{"line":56,"column":2},"end":{"line":56,"column":2}},{"start":{"line":56,"column":2},"end":{"line":56,"column":2}}]},"6":{"line":58,"type":"if","locations":[{"start":{"line":58,"column":4},"end":{"line":58,"column":4}},{"start":{"line":58,"column":4},"end":{"line":58,"column":4}}]},"7":{"line":84,"type":"if","locations":[{"start":{"line":84,"column":2},"end":{"line":84,"column":2}},{"start":{"line":84,"column":2},"end":{"line":84,"column":2}}]},"8":{"line":97,"type":"if","locations":[{"start":{"line":97,"column":2},"end":{"line":97,"column":2}},{"start":{"line":97,"column":2},"end":{"line":97,"column":2}}]},"9":{"line":125,"type":"if","locations":[{"start":{"line":125,"column":2},"end":{"line":125,"column":2}},{"start":{"line":125,"column":2},"end":{"line":125,"column":2}}]},"10":{"line":136,"type":"if","locations":[{"start":{"line":136,"column":2},"end":{"line":136,"column":2}},{"start":{"line":136,"column":2},"end":{"line":136,"column":2}}]},"11":{"line":177,"type":"binary-expr","locations":[{"start":{"line":177,"column":20},"end":{"line":177,"column":40}},{"start":{"line":177,"column":44},"end":{"line":177,"column":61}},{"start":{"line":177,"column":65},"end":{"line":177,"column":85}}]},"12":{"line":178,"type":"binary-expr","locations":[{"start":{"line":178,"column":22},"end":{"line":178,"column":44}},{"start":{"line":178,"column":48},"end":{"line":178,"column":66}},{"start":{"line":178,"column":70},"end":{"line":178,"column":90}}]},"13":{"line":179,"type":"binary-expr","locations":[{"start":{"line":179,"column":16},"end":{"line":179,"column":43}},{"start":{"line":179,"column":48},"end":{"line":179,"column":67}},{"start":{"line":179,"column":71},"end":{"line":179,"column":89}}]},"14":{"line":182,"type":"cond-expr","locations":[{"start":{"line":182,"column":32},"end":{"line":182,"column":81}},{"start":{"line":182,"column":84},"end":{"line":182,"column":88}}]},"15":{"line":184,"type":"cond-expr","locations":[{"start":{"line":184,"column":57},"end":{"line":184,"column":124}},{"start":{"line":184,"column":127},"end":{"line":184,"column":131}}]},"16":{"line":187,"type":"cond-expr","locations":[{"start":{"line":187,"column":57},"end":{"line":187,"column":124}},{"start":{"line":187,"column":127},"end":{"line":187,"column":131}}]},"17":{"line":189,"type":"cond-expr","locations":[{"start":{"line":189,"column":32},"end":{"line":189,"column":77}},{"start":{"line":189,"column":80},"end":{"line":189,"column":84}}]},"18":{"line":195,"type":"cond-expr","locations":[{"start":{"line":195,"column":38},"end":{"line":195,"column":128}},{"start":{"line":195,"column":131},"end":{"line":195,"column":135}}]},"19":{"line":196,"type":"cond-expr","locations":[{"start":{"line":196,"column":25},"end":{"line":196,"column":94}},{"start":{"line":196,"column":97},"end":{"line":196,"column":101}}]},"20":{"line":197,"type":"cond-expr","locations":[{"start":{"line":197,"column":59},"end":{"line":197,"column":127}},{"start":{"line":197,"column":130},"end":{"line":197,"column":134}}]},"21":{"line":205,"type":"binary-expr","locations":[{"start":{"line":205,"column":16},"end":{"line":205,"column":43}},{"start":{"line":205,"column":48},"end":{"line":205,"column":67}},{"start":{"line":205,"column":71},"end":{"line":205,"column":90}}]},"22":{"line":206,"type":"binary-expr","locations":[{"start":{"line":206,"column":19},"end":{"line":206,"column":40}},{"start":{"line":206,"column":44},"end":{"line":206,"column":60}}]},"23":{"line":210,"type":"cond-expr","locations":[{"start":{"line":210,"column":58},"end":{"line":210,"column":126}},{"start":{"line":210,"column":129},"end":{"line":210,"column":133}}]},"24":{"line":217,"type":"cond-expr","locations":[{"start":{"line":217,"column":38},"end":{"line":217,"column":110}},{"start":{"line":217,"column":113},"end":{"line":217,"column":117}}]},"25":{"line":218,"type":"cond-expr","locations":[{"start":{"line":218,"column":25},"end":{"line":218,"column":94}},{"start":{"line":218,"column":97},"end":{"line":218,"column":101}}]},"26":{"line":219,"type":"cond-expr","locations":[{"start":{"line":219,"column":60},"end":{"line":219,"column":129}},{"start":{"line":219,"column":132},"end":{"line":219,"column":136}}]}},"code":["const _ = require('lodash'), ","  shell = require('./shell'), ","  log = require('./log'), ","  git = require('./git'), ","  enquiry = require('./enquiry'), ","  when = require('when'), ","  util = require('./util'),","  config = require('./config'),","  sequence = require('when/sequence'),","  noop = when.resolve.bind(when, true);","","function parseVersion() {","","  const options = config.options;","  const version = util.isValidVersion(options.increment) ? options.increment : options.npm.version;","","  if(!version) {","","    return git.getLatestTag().then(tag => {","      if(tag) {","        const nextVersion = util.increment(tag, options.increment, options.prereleaseId);","        log.bold(util.format('Latest tag: %s. Next version: %s', tag, nextVersion));","        config.setRuntimeOption('previousVersion', tag);","        config.setRuntimeOption('version', nextVersion);","      } else {","        throw new Error('Error detecting current version from latest tag.');","      }","    }).catch(err => {","      console.log(err);","      throw new Error('No version provided. Please provide version argument, or make sure there is a tag to derive it from.');","    });","","  } else {","    config.setRuntimeOption('previousVersion', version);","    config.setRuntimeOption('version', util.increment(version, options.increment, options.prereleaseId));","  }","}","","function setRemoteGitUrl() {","  return git.getRemoteUrl().then(remoteUrl => {","    config.setRuntimeOption('remoteUrl', remoteUrl);","  }).catch(err => {","    throw new Error('Unable to get remote Git url.')","  });","}","","function getChangelog() {","  const options = config.options;","  if(options.github.release) {","    return git.getChangelog(options);","  }","}","","function checkGithubToken() {","  const options = config.options;","  if(options.github.release) {","    const token = git.getGithubToken(options.github.tokenRef);","    if(!token) {","      throw new Error(`About to release to GitHub, but ${options.github.tokenRef} environment variable not set`);","    }","  }","}","","function releaseSourceRepo() {","","  log.bold('Release source repo');","","  const options = config.options,","    repo = getSrcRepoTasks(options);","","  const executeTasks = [","    repo.beforeStartCommand,","    repo.isRepo,","    repo.checkClean,","    repo.bump,","    repo.mkCleanDir,","    repo.beforeStageCommand,","    repo.buildCommand,","    repo.stage,","    repo.stageDir,","    repo.hasChanges","  ];","","  if(options.dist.repo) {","    // Before committing to src repo, do some potentially problematic dist repo tasks.","    const distRepoTasks = getDistRepoTasks(options);","    executeTasks.push(distRepoTasks.clone);","    executeTasks.push(distRepoTasks.copy);","    executeTasks.push(distRepoTasks.pushd);","    executeTasks.push(distRepoTasks.bump);","    executeTasks.push(distRepoTasks.beforeStageCommand);","    executeTasks.push(distRepoTasks.stageDir);","    executeTasks.push(distRepoTasks.hasChanges);","    executeTasks.push(distRepoTasks.popd);","  }","","  if(options['non-interactive']) {","","    executeTasks.push(","            repo.commit,","            repo.tag,","            repo.push,","            repo.pushTags,","            repo.release,","            repo.publish","        )","","  } else {","","    executeTasks.push(enquiry.bind(null, 'src', repo, options));","","  }","","  executeTasks.push(repo.afterReleaseCommand);","","  return sequence(executeTasks);","","}","","function releaseDistRepo() {","","  const options = config.options,","    repo = getDistRepoTasks(options);","","  if(!options.dist.repo) {","    log.verbose('No distRepo provided, done.');","    return noop();","  }","","  log.bold('Release distribution repo');","","  const executeTasks = [","    repo.pushd","  ];","","  if(options['non-interactive']) {","","    executeTasks.push(","            repo.commit,","            repo.tag,","            repo.push,","            repo.pushTags,","            repo.publish","        )","","  } else {","","    executeTasks.push(enquiry.bind(null, 'dist', repo, options));","","  }","","  executeTasks.push(repo.afterReleaseCommand);","","  executeTasks.push(repo.popd);","","  return sequence(executeTasks);","","}","","function getGenericTasks() {","  const options = config.options,","    version = config.getRuntimeOption('version');","  return {","    isRepo: git.isGitRepo,","    status: git.status,","    stageDir: git.stageDir,","    push: git.push.bind(null, config.getRuntimeOption('remoteUrl')),","    pushTags: git.pushTags.bind(null, version),","    popd: shell.popd","  }","}","","function getSrcRepoTasks() {","","  const options = config.options,","    version = config.getRuntimeOption('version'),","    isMakeBaseDir = options.buildCommand && options.dist.repo && options.dist.baseDir,","    isStageBuildDir = !!options.buildCommand && !options.dist.repo && options.dist.baseDir,","    isPublish = !options['non-interactive'] || (options.npm.publish && !options.dist.repo);","","  return _.extend({}, getGenericTasks(options), {","    mkCleanDir: isMakeBaseDir ? shell.mkCleanDir.bind(null, options.dist.baseDir) : noop,","    buildCommand: shell.build.bind(null, options.buildCommand, options),","    beforeStartCommand: options.src.beforeStartCommand ? shell.runTemplateCommand.bind(null, options.src.beforeStartCommand) : noop,","    checkClean: git.isWorkingDirClean.bind(null, options.requireCleanWorkingDir),","    bump: shell.bump.bind(null, options.pkgFiles, version),","    beforeStageCommand: options.src.beforeStageCommand ? shell.runTemplateCommand.bind(null, options.src.beforeStageCommand) : noop,","    stage: git.stage.bind(null, options.pkgFiles),","    stageDir: isStageBuildDir ? git.stageDir.bind(null, options.dist.baseDir) : noop,","    hasChanges: git.hasChanges.bind(null, 'src'),","    commit: git.commit.bind(null, '.', options.src.commitMessage, version),","    tag: git.tag.bind(null, version, options.src.tagName, options.src.tagAnnotation),","    push: git.push.bind(null, config.getRuntimeOption('remoteUrl'), options.src.pushRepo),","    pushTags: git.pushTags.bind(null, version, options.src.pushRepo),","    release: options.github.release ? git.release.bind(null, options, config.getRuntimeOption('remoteUrl'), options.src.tagName) : noop,","    publish: isPublish ? shell.npmPublish.bind(null, options.npm.publishPath, options.npm.tag) : noop,","    afterReleaseCommand: options.src.afterReleaseCommand ? shell.runTemplateCommand.bind(null, options.src.afterReleaseCommand) : noop","  });","}","","function getDistRepoTasks() {","","  const options = config.options,","    version = config.getRuntimeOption('version'),","    isPublish = !options['non-interactive'] || (options.npm.publish && !!options.dist.repo),","    distPkgFiles = options.dist.pkgFiles || options.pkgFiles;","","  return _.extend({}, getGenericTasks(options), {","    bump: shell.bump.bind(null, distPkgFiles, version),","    beforeStageCommand: options.dist.beforeStageCommand ? shell.runTemplateCommand.bind(null, options.dist.beforeStageCommand) : noop,","    hasChanges: git.hasChanges.bind(null, 'dist'),","    clone: git.clone.bind(null, options.dist.repo, options.dist.stageDir),","    copy: shell.copy.bind(null, options.dist.files, {cwd: options.dist.baseDir}, options.dist.stageDir),","    pushd: shell.pushd.bind(null, options.dist.stageDir),","    commit: git.commit.bind(null, '.', options.dist.commitMessage, version),","    tag: git.tag.bind(null, version, options.dist.tagName, options.dist.tagAnnotation),","    release: options.github.release ? git.release.bind(null, options, options.dist.repo, options.dist.tagName) : noop,","    publish: isPublish ? shell.npmPublish.bind(null, options.npm.publishPath, options.npm.tag) : noop,","    afterReleaseCommand: options.dist.afterReleaseCommand ? shell.runTemplateCommand.bind(null, options.dist.afterReleaseCommand) : noop","  });","}","","module.exports = {","  run: function(options) {","    return sequence([","      parseVersion,","      setRemoteGitUrl,","      getChangelog,","      checkGithubToken,","      releaseSourceRepo,","      releaseDistRepo","    ], options)","  }","};",""],"l":{"1":2,"12":1,"14":0,"15":0,"17":0,"19":0,"20":0,"21":0,"22":0,"23":0,"24":0,"26":0,"29":0,"30":0,"34":0,"35":0,"39":1,"40":0,"41":0,"43":0,"47":1,"48":0,"49":0,"50":0,"54":1,"55":0,"56":0,"57":0,"58":0,"59":0,"64":1,"66":0,"68":0,"71":0,"84":0,"86":0,"87":0,"88":0,"89":0,"90":0,"91":0,"92":0,"93":0,"94":0,"97":0,"99":0,"110":0,"114":0,"116":0,"120":1,"122":0,"125":0,"126":0,"127":0,"130":0,"132":0,"136":0,"138":0,"148":0,"152":0,"154":0,"156":0,"160":1,"161":0,"163":0,"173":1,"175":0,"181":0,"201":1,"203":0,"208":0,"223":0,"225":0}}}